<?xml version="1.0" encoding="utf-8"?>
<TestRun id="316848c8-c55a-4580-8e0a-60fcc2a56e07" name="@cursor 2025-07-22 11:39:59" xmlns="http://microsoft.com/schemas/VisualStudio/TeamTest/2010">
  <Times creation="2025-07-22T11:39:59.5949973+00:00" queuing="2025-07-22T11:39:59.5949973+00:00" start="2025-07-22T11:39:58.7717352+00:00" finish="2025-07-22T11:40:00.2422517+00:00" />
  <TestSettings name="default" id="ecc395e0-7eea-4aa8-a376-431115d032c8">
    <Deployment runDeploymentRoot="_cursor_2025-07-22_11_39_59" />
  </TestSettings>
  <Results>
    <UnitTestResult executionId="888e35f8-7892-423f-8a5c-935e7f3ddc68" testId="0b8755a0-d4b6-2c4e-afba-943b8094fc2c" testName="LoginUserAPI.Tests.AuthControllerIntegrationTests.GetAllUsers_ReturnsSuccess" computerName="cursor" duration="00:00:00.0032544" startTime="2025-07-22T11:39:59.9571698+00:00" endTime="2025-07-22T11:39:59.9571699+00:00" testType="13cdc9d9-ddb5-4fa4-a97d-d965ccfc6d4b" outcome="Passed" testListId="8c84fa94-04c1-424b-9868-57a2d4851a1d" relativeResultsDirectory="888e35f8-7892-423f-8a5c-935e7f3ddc68" />
    <UnitTestResult executionId="e0ed0554-2aa2-490f-bb3e-63caddd15c0b" testId="050789db-d758-acd6-21f9-a71b1eb7a5f2" testName="LoginUserAPI.Tests.ModelTests.RegisterRequest_VariousInputs_WorksCorrectly(email: &quot;user@domain.org&quot;, password: &quot;secret&quot;, firstName: &quot;Jane&quot;, lastName: &quot;Smith&quot;)" computerName="cursor" duration="00:00:00.0000019" startTime="2025-07-22T11:39:59.5699385+00:00" endTime="2025-07-22T11:39:59.5699385+00:00" testType="13cdc9d9-ddb5-4fa4-a97d-d965ccfc6d4b" outcome="Passed" testListId="8c84fa94-04c1-424b-9868-57a2d4851a1d" relativeResultsDirectory="e0ed0554-2aa2-490f-bb3e-63caddd15c0b" />
    <UnitTestResult executionId="2ce625cf-d236-420f-928b-9f1581861a01" testId="731bf6dc-2ae4-6fbc-a209-9a4e188d7d3e" testName="LoginUserAPI.Tests.AuthControllerTests.Register_EmptyEmail_ReturnsBadRequest" computerName="cursor" duration="00:00:00.0001439" startTime="2025-07-22T11:39:59.6028818+00:00" endTime="2025-07-22T11:39:59.6028818+00:00" testType="13cdc9d9-ddb5-4fa4-a97d-d965ccfc6d4b" outcome="Passed" testListId="8c84fa94-04c1-424b-9868-57a2d4851a1d" relativeResultsDirectory="2ce625cf-d236-420f-928b-9f1581861a01" />
    <UnitTestResult executionId="7528e356-07dc-4bba-ba87-6f3638f04895" testId="7c1b97f7-5270-f61f-4dad-087bd577c06f" testName="LoginUserAPI.Tests.AuthControllerTests.UpdateProfile_NonExistentUser_ReturnsNotFound" computerName="cursor" duration="00:00:00.0001524" startTime="2025-07-22T11:39:59.6030917+00:00" endTime="2025-07-22T11:39:59.6030917+00:00" testType="13cdc9d9-ddb5-4fa4-a97d-d965ccfc6d4b" outcome="Passed" testListId="8c84fa94-04c1-424b-9868-57a2d4851a1d" relativeResultsDirectory="7528e356-07dc-4bba-ba87-6f3638f04895" />
    <UnitTestResult executionId="8ea4ec03-b2a9-4462-b01d-3a5acc063353" testId="946dd1cb-e0f0-962e-49f1-5c166d4adb96" testName="LoginUserAPI.Tests.ModelTests.LoginRequest_VariousInputs_WorksCorrectly(email: &quot;admin@company.net&quot;, password: &quot;admin123&quot;)" computerName="cursor" duration="00:00:00.0001134" startTime="2025-07-22T11:39:59.5478898+00:00" endTime="2025-07-22T11:39:59.5478898+00:00" testType="13cdc9d9-ddb5-4fa4-a97d-d965ccfc6d4b" outcome="Passed" testListId="8c84fa94-04c1-424b-9868-57a2d4851a1d" relativeResultsDirectory="8ea4ec03-b2a9-4462-b01d-3a5acc063353" />
    <UnitTestResult executionId="ba8ee7ac-e303-4e93-995d-2dd817e859ae" testId="9aeab9da-e652-434f-d148-2e93f662d855" testName="LoginUserAPI.Tests.ModelTests.LoginRequest_VariousInputs_WorksCorrectly(email: &quot;test@example.com&quot;, password: &quot;password123&quot;)" computerName="cursor" duration="00:00:00.0000714" startTime="2025-07-22T11:39:59.5476876+00:00" endTime="2025-07-22T11:39:59.5476876+00:00" testType="13cdc9d9-ddb5-4fa4-a97d-d965ccfc6d4b" outcome="Passed" testListId="8c84fa94-04c1-424b-9868-57a2d4851a1d" relativeResultsDirectory="ba8ee7ac-e303-4e93-995d-2dd817e859ae" />
    <UnitTestResult executionId="a665544c-26db-4198-893c-5426f1e4087f" testId="3dfa2ae3-b559-2604-c84f-6f4008b379d7" testName="LoginUserAPI.Tests.AuthControllerTests.Register_ValidRequest_ReturnsOkResult" computerName="cursor" duration="00:00:00.0002741" startTime="2025-07-22T11:39:59.5793813+00:00" endTime="2025-07-22T11:39:59.5793814+00:00" testType="13cdc9d9-ddb5-4fa4-a97d-d965ccfc6d4b" outcome="Passed" testListId="8c84fa94-04c1-424b-9868-57a2d4851a1d" relativeResultsDirectory="a665544c-26db-4198-893c-5426f1e4087f" />
    <UnitTestResult executionId="fc79055b-cec0-4fb3-a2e2-8d90fdb17aa3" testId="c9501e7c-44b5-cdc3-2216-0670e2ff49d9" testName="LoginUserAPI.Tests.AuthControllerTests.Register_DuplicateEmailCaseInsensitive_ReturnsBadRequest" computerName="cursor" duration="00:00:00.0005607" startTime="2025-07-22T11:39:59.5780348+00:00" endTime="2025-07-22T11:39:59.5780349+00:00" testType="13cdc9d9-ddb5-4fa4-a97d-d965ccfc6d4b" outcome="Passed" testListId="8c84fa94-04c1-424b-9868-57a2d4851a1d" relativeResultsDirectory="fc79055b-cec0-4fb3-a2e2-8d90fdb17aa3" />
    <UnitTestResult executionId="d8174ac6-5fec-4120-8f84-92c2c035954d" testId="4c43baae-c7b2-9881-fac5-87acbdbfed7b" testName="LoginUserAPI.Tests.AuthControllerTests.HealthCheck_ReturnsCorrectUserCount" computerName="cursor" duration="00:00:00.0001450" startTime="2025-07-22T11:39:59.6038662+00:00" endTime="2025-07-22T11:39:59.6038663+00:00" testType="13cdc9d9-ddb5-4fa4-a97d-d965ccfc6d4b" outcome="Passed" testListId="8c84fa94-04c1-424b-9868-57a2d4851a1d" relativeResultsDirectory="d8174ac6-5fec-4120-8f84-92c2c035954d" />
    <UnitTestResult executionId="ece8767a-b7e8-46f5-aa23-43520566092b" testId="2772ac65-d708-a34c-3f7b-79c5ed321ca3" testName="LoginUserAPI.Tests.ModelTests.UserResponse_SetProperties_WorksCorrectly" computerName="cursor" duration="00:00:00.0000827" startTime="2025-07-22T11:39:59.5707474+00:00" endTime="2025-07-22T11:39:59.5707475+00:00" testType="13cdc9d9-ddb5-4fa4-a97d-d965ccfc6d4b" outcome="Passed" testListId="8c84fa94-04c1-424b-9868-57a2d4851a1d" relativeResultsDirectory="ece8767a-b7e8-46f5-aa23-43520566092b" />
    <UnitTestResult executionId="d884d5c8-b66a-4bf5-b918-04cb3df85521" testId="fe4576a3-20d2-804f-90d1-c3216283f4cc" testName="LoginUserAPI.Tests.ModelTests.LoginRequest_DefaultValues_AreCorrect" computerName="cursor" duration="00:00:00.0032957" startTime="2025-07-22T11:39:59.5399260+00:00" endTime="2025-07-22T11:39:59.5399453+00:00" testType="13cdc9d9-ddb5-4fa4-a97d-d965ccfc6d4b" outcome="Passed" testListId="8c84fa94-04c1-424b-9868-57a2d4851a1d" relativeResultsDirectory="d884d5c8-b66a-4bf5-b918-04cb3df85521" />
    <UnitTestResult executionId="7176fe97-a1cf-4a96-85f7-dc49370bff56" testId="9f4a22b0-e53d-af5d-ce9f-302cb266e81f" testName="LoginUserAPI.Tests.AuthControllerTests.UpdateProfile_NullRequest_ReturnsBadRequest" computerName="cursor" duration="00:00:00.0000632" startTime="2025-07-22T11:39:59.6032690+00:00" endTime="2025-07-22T11:39:59.6032690+00:00" testType="13cdc9d9-ddb5-4fa4-a97d-d965ccfc6d4b" outcome="Passed" testListId="8c84fa94-04c1-424b-9868-57a2d4851a1d" relativeResultsDirectory="7176fe97-a1cf-4a96-85f7-dc49370bff56" />
    <UnitTestResult executionId="9dc6bb8b-0fe2-48f2-ae3c-ad5f21a153a4" testId="b93153ab-798b-fed9-906e-7dad852e5b86" testName="LoginUserAPI.Tests.ModelTests.RegisterRequest_DefaultValues_AreCorrect" computerName="cursor" duration="00:00:00.0000339" startTime="2025-07-22T11:39:59.5771894+00:00" endTime="2025-07-22T11:39:59.5771895+00:00" testType="13cdc9d9-ddb5-4fa4-a97d-d965ccfc6d4b" outcome="Passed" testListId="8c84fa94-04c1-424b-9868-57a2d4851a1d" relativeResultsDirectory="9dc6bb8b-0fe2-48f2-ae3c-ad5f21a153a4" />
    <UnitTestResult executionId="af10a77a-00b2-4e8e-9ffb-6239185e4793" testId="26a6b848-2677-c45a-d9ce-54c24095405c" testName="LoginUserAPI.Tests.AuthControllerIntegrationTests.Login_ValidCredentials_ReturnsSuccess" computerName="cursor" duration="00:00:00.0048077" startTime="2025-07-22T11:39:59.9683373+00:00" endTime="2025-07-22T11:39:59.9683374+00:00" testType="13cdc9d9-ddb5-4fa4-a97d-d965ccfc6d4b" outcome="Passed" testListId="8c84fa94-04c1-424b-9868-57a2d4851a1d" relativeResultsDirectory="af10a77a-00b2-4e8e-9ffb-6239185e4793" />
    <UnitTestResult executionId="5a6c68bf-0666-4544-8929-cfb3e0d1c133" testId="67978293-2af4-9ff3-6a6e-c0d6ba419049" testName="LoginUserAPI.Tests.AuthControllerTests.Login_InvalidCredentials_ReturnsBadRequest" computerName="cursor" duration="00:00:00.0001905" startTime="2025-07-22T11:39:59.5840512+00:00" endTime="2025-07-22T11:39:59.5840512+00:00" testType="13cdc9d9-ddb5-4fa4-a97d-d965ccfc6d4b" outcome="Passed" testListId="8c84fa94-04c1-424b-9868-57a2d4851a1d" relativeResultsDirectory="5a6c68bf-0666-4544-8929-cfb3e0d1c133" />
    <UnitTestResult executionId="d80555a8-25ba-49d8-983d-323371d062e4" testId="ec831a30-3189-2ccf-8a0f-32ece83e924e" testName="LoginUserAPI.Tests.AuthControllerTests.Register_EmptyLastName_ReturnsBadRequest" computerName="cursor" duration="00:00:00.0001359" startTime="2025-07-22T11:39:59.5847335+00:00" endTime="2025-07-22T11:39:59.5847335+00:00" testType="13cdc9d9-ddb5-4fa4-a97d-d965ccfc6d4b" outcome="Passed" testListId="8c84fa94-04c1-424b-9868-57a2d4851a1d" relativeResultsDirectory="d80555a8-25ba-49d8-983d-323371d062e4" />
    <UnitTestResult executionId="0420b4f2-4db3-4811-b0d2-73ae6a8b7fa9" testId="4ec23aab-966d-d71d-bc28-0f4db9b39fb0" testName="LoginUserAPI.Tests.ModelTests.RegisterRequest_SetProperties_WorksCorrectly" computerName="cursor" duration="00:00:00.0000796" startTime="2025-07-22T11:39:59.5709651+00:00" endTime="2025-07-22T11:39:59.5709652+00:00" testType="13cdc9d9-ddb5-4fa4-a97d-d965ccfc6d4b" outcome="Passed" testListId="8c84fa94-04c1-424b-9868-57a2d4851a1d" relativeResultsDirectory="0420b4f2-4db3-4811-b0d2-73ae6a8b7fa9" />
    <UnitTestResult executionId="ae65d068-61fc-4d6b-b2f2-05dc75d48a95" testId="2afddba3-2be7-b882-fb42-c5bea2f6a55b" testName="LoginUserAPI.Tests.AuthControllerTests.Login_ValidCredentials_ReturnsOkResult" computerName="cursor" duration="00:00:00.0001463" startTime="2025-07-22T11:39:59.6027091+00:00" endTime="2025-07-22T11:39:59.6027092+00:00" testType="13cdc9d9-ddb5-4fa4-a97d-d965ccfc6d4b" outcome="Passed" testListId="8c84fa94-04c1-424b-9868-57a2d4851a1d" relativeResultsDirectory="ae65d068-61fc-4d6b-b2f2-05dc75d48a95" />
    <UnitTestResult executionId="801299f4-636d-4d79-a405-d1b4ab9227d3" testId="a1221ca2-1b8f-f11a-4614-b47fd795039a" testName="LoginUserAPI.Tests.AuthControllerTests.GetAllUsers_WithUsers_ReturnsUserList" computerName="cursor" duration="00:00:00.0577861" startTime="2025-07-22T11:39:59.5775118+00:00" endTime="2025-07-22T11:39:59.5775118+00:00" testType="13cdc9d9-ddb5-4fa4-a97d-d965ccfc6d4b" outcome="Passed" testListId="8c84fa94-04c1-424b-9868-57a2d4851a1d" relativeResultsDirectory="801299f4-636d-4d79-a405-d1b4ab9227d3" />
    <UnitTestResult executionId="537eee7f-a350-4d29-b4c2-a2f5762f1645" testId="7ff60b14-e3d4-22d7-b372-b2d8f1bc9eb4" testName="LoginUserAPI.Tests.AuthControllerIntegrationTests.UpdateProfile_ValidRequest_ReturnsSuccess" computerName="cursor" duration="00:00:00.0028957" startTime="2025-07-22T11:39:59.9601882+00:00" endTime="2025-07-22T11:39:59.9601883+00:00" testType="13cdc9d9-ddb5-4fa4-a97d-d965ccfc6d4b" outcome="Passed" testListId="8c84fa94-04c1-424b-9868-57a2d4851a1d" relativeResultsDirectory="537eee7f-a350-4d29-b4c2-a2f5762f1645" />
    <UnitTestResult executionId="62f859ea-ba60-453a-bfd2-419b2b828d76" testId="8543fd21-3aa9-4dd0-70c5-1a6d62268c55" testName="LoginUserAPI.Tests.AuthControllerTests.Login_EmptyEmail_ReturnsBadRequest" computerName="cursor" duration="00:00:00.0001855" startTime="2025-07-22T11:39:59.6025236+00:00" endTime="2025-07-22T11:39:59.6025237+00:00" testType="13cdc9d9-ddb5-4fa4-a97d-d965ccfc6d4b" outcome="Passed" testListId="8c84fa94-04c1-424b-9868-57a2d4851a1d" relativeResultsDirectory="62f859ea-ba60-453a-bfd2-419b2b828d76" />
    <UnitTestResult executionId="dde0851f-bdca-499f-b79e-3ca6b9774a48" testId="6c20981b-8fb1-04a9-7ce4-3a3dc2dddcd3" testName="LoginUserAPI.Tests.AuthControllerTests.HealthCheck_ReturnsOkResult" computerName="cursor" duration="00:00:00.0003182" startTime="2025-07-22T11:39:59.5838486+00:00" endTime="2025-07-22T11:39:59.5838486+00:00" testType="13cdc9d9-ddb5-4fa4-a97d-d965ccfc6d4b" outcome="Passed" testListId="8c84fa94-04c1-424b-9868-57a2d4851a1d" relativeResultsDirectory="dde0851f-bdca-499f-b79e-3ca6b9774a48" />
    <UnitTestResult executionId="227bb2a9-d9a9-46b6-8eb6-fdfd2df93f4c" testId="fc74a278-a618-0a6d-a674-b5f0646c8c01" testName="LoginUserAPI.Tests.ModelTests.UpdateProfileRequest_SetProperties_WorksCorrectly" computerName="cursor" duration="00:00:00.0002821" startTime="2025-07-22T11:39:59.5473734+00:00" endTime="2025-07-22T11:39:59.5473735+00:00" testType="13cdc9d9-ddb5-4fa4-a97d-d965ccfc6d4b" outcome="Passed" testListId="8c84fa94-04c1-424b-9868-57a2d4851a1d" relativeResultsDirectory="227bb2a9-d9a9-46b6-8eb6-fdfd2df93f4c" />
    <UnitTestResult executionId="e32ddfff-a9df-4947-9ba1-4aafd6ab1be1" testId="bfdfdae4-9e7b-1cdd-7c44-748eb4c93efe" testName="LoginUserAPI.Tests.AuthControllerTests.Login_NullRequest_ReturnsBadRequest" computerName="cursor" duration="00:00:00.0004193" startTime="2025-07-22T11:39:59.6021808+00:00" endTime="2025-07-22T11:39:59.6021809+00:00" testType="13cdc9d9-ddb5-4fa4-a97d-d965ccfc6d4b" outcome="Failed" testListId="8c84fa94-04c1-424b-9868-57a2d4851a1d" relativeResultsDirectory="e32ddfff-a9df-4947-9ba1-4aafd6ab1be1">
      <Output>
        <ErrorInfo>
          <Message>System.NullReferenceException : Object reference not set to an instance of an object.</Message>
          <StackTrace>   at LoginUserAPI.Controllers.AuthController.Login(LoginRequest request) in /workspace/login-user/backend/LoginUserAPI/Controllers/AuthController.cs:line 84
   at LoginUserAPI.Tests.AuthControllerTests.Login_NullRequest_ReturnsBadRequest() in /workspace/login-user/backend/LoginUserAPI.Tests/AuthControllerTests.cs:line 251
   at System.RuntimeMethodHandle.InvokeMethod(Object target, Void** arguments, Signature sig, Boolean isConstructor)
   at System.Reflection.MethodBaseInvoker.InvokeWithNoArgs(Object obj, BindingFlags invokeAttr)</StackTrace>
        </ErrorInfo>
      </Output>
    </UnitTestResult>
    <UnitTestResult executionId="a35a61d2-70dc-4203-8927-ab7def411d8a" testId="b7ff0544-5833-9bd0-40f7-a262c043b00e" testName="LoginUserAPI.Tests.AuthControllerIntegrationTests.EndToEndUserFlow_RegisterLoginUpdateProfile_Success" computerName="cursor" duration="00:00:00.0026952" startTime="2025-07-22T11:39:59.9723274+00:00" endTime="2025-07-22T11:39:59.9723276+00:00" testType="13cdc9d9-ddb5-4fa4-a97d-d965ccfc6d4b" outcome="Passed" testListId="8c84fa94-04c1-424b-9868-57a2d4851a1d" relativeResultsDirectory="a35a61d2-70dc-4203-8927-ab7def411d8a" />
    <UnitTestResult executionId="394f241b-9dae-4f22-b9da-4d7993896dfe" testId="8d977e16-e184-3e4b-22d7-880ff7648c1d" testName="LoginUserAPI.Tests.AuthControllerIntegrationTests.Login_InvalidCredentials_ReturnsBadRequest" computerName="cursor" duration="00:00:00.0010745" startTime="2025-07-22T11:39:59.9694922+00:00" endTime="2025-07-22T11:39:59.9694923+00:00" testType="13cdc9d9-ddb5-4fa4-a97d-d965ccfc6d4b" outcome="Passed" testListId="8c84fa94-04c1-424b-9868-57a2d4851a1d" relativeResultsDirectory="394f241b-9dae-4f22-b9da-4d7993896dfe" />
    <UnitTestResult executionId="565f1b7b-92b7-41c9-8327-d9fd5923f921" testId="3a1dfe00-d838-a884-471f-9e95e7a3df10" testName="LoginUserAPI.Tests.ModelTests.User_DefaultValues_AreCorrect" computerName="cursor" duration="00:00:00.0001670" startTime="2025-07-22T11:39:59.5471649+00:00" endTime="2025-07-22T11:39:59.5471649+00:00" testType="13cdc9d9-ddb5-4fa4-a97d-d965ccfc6d4b" outcome="Passed" testListId="8c84fa94-04c1-424b-9868-57a2d4851a1d" relativeResultsDirectory="565f1b7b-92b7-41c9-8327-d9fd5923f921" />
    <UnitTestResult executionId="c797db72-9cf1-4313-9f92-321ef7749902" testId="eefae636-e025-842b-f4db-ce0fe24c7228" testName="LoginUserAPI.Tests.ModelTests.UserResponse_FromUser_MapsCorrectly" computerName="cursor" duration="00:00:00.0037097" startTime="2025-07-22T11:39:59.5465220+00:00" endTime="2025-07-22T11:39:59.5465221+00:00" testType="13cdc9d9-ddb5-4fa4-a97d-d965ccfc6d4b" outcome="Passed" testListId="8c84fa94-04c1-424b-9868-57a2d4851a1d" relativeResultsDirectory="c797db72-9cf1-4313-9f92-321ef7749902" />
    <UnitTestResult executionId="388599db-f0b5-4be1-a447-87bffd94fc23" testId="25d41cb2-ad66-4c07-a13d-35ff1b341037" testName="LoginUserAPI.Tests.AuthControllerTests.Register_NullRequest_ReturnsBadRequest" computerName="cursor" duration="00:00:00.0000515" startTime="2025-07-22T11:39:59.5843907+00:00" endTime="2025-07-22T11:39:59.5843908+00:00" testType="13cdc9d9-ddb5-4fa4-a97d-d965ccfc6d4b" outcome="Passed" testListId="8c84fa94-04c1-424b-9868-57a2d4851a1d" relativeResultsDirectory="388599db-f0b5-4be1-a447-87bffd94fc23" />
    <UnitTestResult executionId="c3c292a6-6799-4aea-803f-65cb39b16d9a" testId="ebf53b28-2450-64ad-c356-5c3a121a3472" testName="LoginUserAPI.Tests.ModelTests.UpdateProfileRequest_VariousInputs_WorksCorrectly(firstName: &quot;John&quot;, lastName: &quot;Doe&quot;)" computerName="cursor" duration="00:00:00.0000014" startTime="2025-07-22T11:39:59.5705627+00:00" endTime="2025-07-22T11:39:59.5705627+00:00" testType="13cdc9d9-ddb5-4fa4-a97d-d965ccfc6d4b" outcome="Passed" testListId="8c84fa94-04c1-424b-9868-57a2d4851a1d" relativeResultsDirectory="c3c292a6-6799-4aea-803f-65cb39b16d9a" />
    <UnitTestResult executionId="a108bea8-9506-4cf2-a685-0f342297fdeb" testId="55fe5cd8-4ba4-8ca0-0fde-c411856fd3af" testName="LoginUserAPI.Tests.ModelTests.LoginRequest_SetProperties_WorksCorrectly" computerName="cursor" duration="00:00:00.0000284" startTime="2025-07-22T11:39:59.5773824+00:00" endTime="2025-07-22T11:39:59.5773824+00:00" testType="13cdc9d9-ddb5-4fa4-a97d-d965ccfc6d4b" outcome="Passed" testListId="8c84fa94-04c1-424b-9868-57a2d4851a1d" relativeResultsDirectory="a108bea8-9506-4cf2-a685-0f342297fdeb" />
    <UnitTestResult executionId="466bb5b4-93db-447c-8407-41766957e068" testId="15a180c4-9b96-5181-adb3-242c4afc51d8" testName="LoginUserAPI.Tests.AuthControllerTests.Login_CaseInsensitiveEmail_ReturnsOkResult" computerName="cursor" duration="00:00:00.0025170" startTime="2025-07-22T11:39:59.5776920+00:00" endTime="2025-07-22T11:39:59.5776921+00:00" testType="13cdc9d9-ddb5-4fa4-a97d-d965ccfc6d4b" outcome="Passed" testListId="8c84fa94-04c1-424b-9868-57a2d4851a1d" relativeResultsDirectory="466bb5b4-93db-447c-8407-41766957e068" />
    <UnitTestResult executionId="621dde8c-b024-4c62-8120-4ef8973bb87c" testId="a2ac3000-3496-c154-6505-37d5bfe315d0" testName="LoginUserAPI.Tests.ModelTests.UserResponse_DefaultValues_AreCorrect" computerName="cursor" duration="00:00:00.0000468" startTime="2025-07-22T11:39:59.5769893+00:00" endTime="2025-07-22T11:39:59.5769893+00:00" testType="13cdc9d9-ddb5-4fa4-a97d-d965ccfc6d4b" outcome="Passed" testListId="8c84fa94-04c1-424b-9868-57a2d4851a1d" relativeResultsDirectory="621dde8c-b024-4c62-8120-4ef8973bb87c" />
    <UnitTestResult executionId="0cf3d958-cef7-478d-8fd7-748afe2b4fa1" testId="2550cc29-7ac7-4cd6-1bb9-d8eeddac3e22" testName="LoginUserAPI.Tests.ModelTests.RegisterRequest_VariousInputs_WorksCorrectly(email: &quot;test@example.com&quot;, password: &quot;password123&quot;, firstName: &quot;John&quot;, lastName: &quot;Doe&quot;)" computerName="cursor" duration="00:00:00.0000989" startTime="2025-07-22T11:39:59.5697213+00:00" endTime="2025-07-22T11:39:59.5697214+00:00" testType="13cdc9d9-ddb5-4fa4-a97d-d965ccfc6d4b" outcome="Passed" testListId="8c84fa94-04c1-424b-9868-57a2d4851a1d" relativeResultsDirectory="0cf3d958-cef7-478d-8fd7-748afe2b4fa1" />
    <UnitTestResult executionId="5bd6a235-9c5e-4b28-a704-ec1f9c3ce2ed" testId="06ac2f45-63f5-136e-d4fc-ea226b4e3571" testName="LoginUserAPI.Tests.ModelTests.User_SetProperties_WorksCorrectly" computerName="cursor" duration="00:00:00.0000690" startTime="2025-07-22T11:39:59.5767320+00:00" endTime="2025-07-22T11:39:59.5767321+00:00" testType="13cdc9d9-ddb5-4fa4-a97d-d965ccfc6d4b" outcome="Passed" testListId="8c84fa94-04c1-424b-9868-57a2d4851a1d" relativeResultsDirectory="5bd6a235-9c5e-4b28-a704-ec1f9c3ce2ed" />
    <UnitTestResult executionId="ecc84721-5c89-4891-b588-8615f044fed9" testId="8a9c6e33-bbb6-595b-4c75-4bf777155dc0" testName="LoginUserAPI.Tests.AuthControllerTests.Register_MultipleUsers_AssignsIncrementalIds" computerName="cursor" duration="00:00:00.0001647" startTime="2025-07-22T11:39:59.6043060+00:00" endTime="2025-07-22T11:39:59.6043061+00:00" testType="13cdc9d9-ddb5-4fa4-a97d-d965ccfc6d4b" outcome="Passed" testListId="8c84fa94-04c1-424b-9868-57a2d4851a1d" relativeResultsDirectory="ecc84721-5c89-4891-b588-8615f044fed9" />
    <UnitTestResult executionId="71cb1453-87b7-4d04-a1fe-d7d99d047e31" testId="7a8d0a09-3cbb-1169-56b3-d6cf4dcbfa86" testName="LoginUserAPI.Tests.AuthControllerIntegrationTests.UpdateProfile_NonExistentUser_ReturnsNotFound" computerName="cursor" duration="00:00:00.0061127" startTime="2025-07-22T11:39:59.9538521+00:00" endTime="2025-07-22T11:39:59.9538522+00:00" testType="13cdc9d9-ddb5-4fa4-a97d-d965ccfc6d4b" outcome="Passed" testListId="8c84fa94-04c1-424b-9868-57a2d4851a1d" relativeResultsDirectory="71cb1453-87b7-4d04-a1fe-d7d99d047e31" />
    <UnitTestResult executionId="5f4aae31-6f7b-4c4f-bc54-55945f797269" testId="efd2b5e5-d353-3b18-0d16-f0335af8c7c7" testName="LoginUserAPI.Tests.AuthControllerTests.Login_EmptyPassword_ReturnsBadRequest" computerName="cursor" duration="00:00:00.0000792" startTime="2025-07-22T11:39:59.6036876+00:00" endTime="2025-07-22T11:39:59.6036876+00:00" testType="13cdc9d9-ddb5-4fa4-a97d-d965ccfc6d4b" outcome="Passed" testListId="8c84fa94-04c1-424b-9868-57a2d4851a1d" relativeResultsDirectory="5f4aae31-6f7b-4c4f-bc54-55945f797269" />
    <UnitTestResult executionId="9a070049-9e33-440e-b709-5c82455586b8" testId="103c1350-5726-a946-1007-ceaa5d533d13" testName="LoginUserAPI.Tests.ModelTests.UpdateProfileRequest_VariousInputs_WorksCorrectly(firstName: &quot;Jane&quot;, lastName: &quot;Smith&quot;)" computerName="cursor" duration="00:00:00.0000637" startTime="2025-07-22T11:39:59.5703406+00:00" endTime="2025-07-22T11:39:59.5703407+00:00" testType="13cdc9d9-ddb5-4fa4-a97d-d965ccfc6d4b" outcome="Passed" testListId="8c84fa94-04c1-424b-9868-57a2d4851a1d" relativeResultsDirectory="9a070049-9e33-440e-b709-5c82455586b8" />
    <UnitTestResult executionId="3abff74f-3cfd-4faf-b60b-67d63965f078" testId="cd0c4b77-d167-435c-70ed-cb32bc90a837" testName="LoginUserAPI.Tests.AuthControllerTests.UpdateProfile_EmptyFirstName_UpdatesOnlyLastName" computerName="cursor" duration="00:00:00.0003209" startTime="2025-07-22T11:39:59.5845673+00:00" endTime="2025-07-22T11:39:59.5845673+00:00" testType="13cdc9d9-ddb5-4fa4-a97d-d965ccfc6d4b" outcome="Passed" testListId="8c84fa94-04c1-424b-9868-57a2d4851a1d" relativeResultsDirectory="3abff74f-3cfd-4faf-b60b-67d63965f078" />
    <UnitTestResult executionId="2d19fee3-3cf0-405c-bd43-ef2c9320c605" testId="104fcd3c-dbc8-6fa1-7bb0-50e9e6565be4" testName="LoginUserAPI.Tests.AuthControllerTests.UpdateProfile_ValidRequest_ReturnsOkResult" computerName="cursor" duration="00:00:00.0006794" startTime="2025-07-22T11:39:59.5835755+00:00" endTime="2025-07-22T11:39:59.5835756+00:00" testType="13cdc9d9-ddb5-4fa4-a97d-d965ccfc6d4b" outcome="Passed" testListId="8c84fa94-04c1-424b-9868-57a2d4851a1d" relativeResultsDirectory="2d19fee3-3cf0-405c-bd43-ef2c9320c605" />
    <UnitTestResult executionId="e1e5667a-d465-4b1d-9061-3e7adc2ecc6c" testId="b5768c06-b155-b4e8-6e93-81c1bcb733d6" testName="LoginUserAPI.Tests.ModelTests.UpdateProfileRequest_VariousInputs_WorksCorrectly(firstName: &quot;Admin&quot;, lastName: &quot;User&quot;)" computerName="cursor" duration="00:00:00.0000452" startTime="2025-07-22T11:39:59.5701606+00:00" endTime="2025-07-22T11:39:59.5701607+00:00" testType="13cdc9d9-ddb5-4fa4-a97d-d965ccfc6d4b" outcome="Passed" testListId="8c84fa94-04c1-424b-9868-57a2d4851a1d" relativeResultsDirectory="e1e5667a-d465-4b1d-9061-3e7adc2ecc6c" />
    <UnitTestResult executionId="30c42084-7cd5-47a8-bbdc-98e6f83a6f4b" testId="c2f89f0e-6426-9e39-7c55-983fe9b4f66f" testName="LoginUserAPI.Tests.ModelTests.RegisterRequest_VariousInputs_WorksCorrectly(email: &quot;admin@company.net&quot;, password: &quot;admin123&quot;, firstName: &quot;Admin&quot;, lastName: &quot;User&quot;)" computerName="cursor" duration="00:00:00.0001823" startTime="2025-07-22T11:39:59.5695301+00:00" endTime="2025-07-22T11:39:59.5695301+00:00" testType="13cdc9d9-ddb5-4fa4-a97d-d965ccfc6d4b" outcome="Passed" testListId="8c84fa94-04c1-424b-9868-57a2d4851a1d" relativeResultsDirectory="30c42084-7cd5-47a8-bbdc-98e6f83a6f4b" />
    <UnitTestResult executionId="ea618714-56b9-4abc-ae99-3fc73db9269a" testId="0ebc68e4-1c08-c265-c29c-d7f19e0e5c2d" testName="LoginUserAPI.Tests.AuthControllerTests.Register_DuplicateEmail_ReturnsBadRequest" computerName="cursor" duration="00:00:00.0002657" startTime="2025-07-22T11:39:59.5798352+00:00" endTime="2025-07-22T11:39:59.5798352+00:00" testType="13cdc9d9-ddb5-4fa4-a97d-d965ccfc6d4b" outcome="Passed" testListId="8c84fa94-04c1-424b-9868-57a2d4851a1d" relativeResultsDirectory="ea618714-56b9-4abc-ae99-3fc73db9269a" />
    <UnitTestResult executionId="97412920-87f3-4ac4-a0cb-cf1de6d2a61b" testId="d65bd58f-977e-c4ce-6077-c2d3655d3245" testName="LoginUserAPI.Tests.ModelTests.LoginRequest_VariousInputs_WorksCorrectly(email: &quot;user@domain.org&quot;, password: &quot;secret&quot;)" computerName="cursor" duration="00:00:00.0000024" startTime="2025-07-22T11:39:59.5480989+00:00" endTime="2025-07-22T11:39:59.5480990+00:00" testType="13cdc9d9-ddb5-4fa4-a97d-d965ccfc6d4b" outcome="Passed" testListId="8c84fa94-04c1-424b-9868-57a2d4851a1d" relativeResultsDirectory="97412920-87f3-4ac4-a0cb-cf1de6d2a61b" />
    <UnitTestResult executionId="c7d9b7a3-6351-4076-8481-65e6d2f2818d" testId="34bafbc7-fb19-a710-13da-e691742ae730" testName="LoginUserAPI.Tests.AuthControllerTests.Register_EmptyFirstName_ReturnsBadRequest" computerName="cursor" duration="00:00:00.0000846" startTime="2025-07-22T11:39:59.6034430+00:00" endTime="2025-07-22T11:39:59.6034430+00:00" testType="13cdc9d9-ddb5-4fa4-a97d-d965ccfc6d4b" outcome="Passed" testListId="8c84fa94-04c1-424b-9868-57a2d4851a1d" relativeResultsDirectory="c7d9b7a3-6351-4076-8481-65e6d2f2818d" />
    <UnitTestResult executionId="b30b665c-521b-4f63-af99-cb94455c4cc4" testId="65886fe9-0728-377c-0972-70840b879cc0" testName="LoginUserAPI.Tests.AuthControllerIntegrationTests.Register_ValidRequest_ReturnsSuccess" computerName="cursor" duration="00:00:00.0011156" startTime="2025-07-22T11:39:59.9634563+00:00" endTime="2025-07-22T11:39:59.9634565+00:00" testType="13cdc9d9-ddb5-4fa4-a97d-d965ccfc6d4b" outcome="Passed" testListId="8c84fa94-04c1-424b-9868-57a2d4851a1d" relativeResultsDirectory="b30b665c-521b-4f63-af99-cb94455c4cc4" />
    <UnitTestResult executionId="5f726388-ac1e-4013-8838-4d1fa429d53b" testId="60a2d821-d4f3-cc77-9b14-6af4a2ebe6e9" testName="LoginUserAPI.Tests.AuthControllerTests.Login_NonExistentUser_ReturnsBadRequest" computerName="cursor" duration="00:00:00.0001098" startTime="2025-07-22T11:39:59.5842189+00:00" endTime="2025-07-22T11:39:59.5842190+00:00" testType="13cdc9d9-ddb5-4fa4-a97d-d965ccfc6d4b" outcome="Passed" testListId="8c84fa94-04c1-424b-9868-57a2d4851a1d" relativeResultsDirectory="5f726388-ac1e-4013-8838-4d1fa429d53b" />
    <UnitTestResult executionId="58d61354-7ea4-4997-a1b7-aa6a4699eb2d" testId="db1d10cb-c9e6-92bf-5440-b3b3a02863f7" testName="LoginUserAPI.Tests.AuthControllerTests.Register_EmptyPassword_ReturnsBadRequest" computerName="cursor" duration="00:00:00.0000872" startTime="2025-07-22T11:39:59.5849017+00:00" endTime="2025-07-22T11:39:59.5849017+00:00" testType="13cdc9d9-ddb5-4fa4-a97d-d965ccfc6d4b" outcome="Passed" testListId="8c84fa94-04c1-424b-9868-57a2d4851a1d" relativeResultsDirectory="58d61354-7ea4-4997-a1b7-aa6a4699eb2d" />
    <UnitTestResult executionId="287ea0b2-1fa9-4645-b79e-e1c7ae677cfc" testId="1f683a02-93a5-10e9-6675-a8aa61f55434" testName="LoginUserAPI.Tests.AuthControllerIntegrationTests.Register_InvalidRequest_ReturnsBadRequest" computerName="cursor" duration="00:00:00.4173341" startTime="2025-07-22T11:39:59.9362459+00:00" endTime="2025-07-22T11:39:59.9362461+00:00" testType="13cdc9d9-ddb5-4fa4-a97d-d965ccfc6d4b" outcome="Passed" testListId="8c84fa94-04c1-424b-9868-57a2d4851a1d" relativeResultsDirectory="287ea0b2-1fa9-4645-b79e-e1c7ae677cfc" />
    <UnitTestResult executionId="593845f0-c26c-40d6-8bf7-8ff63d727051" testId="fcf249cf-8213-8b30-bde7-4cc90e6b3381" testName="LoginUserAPI.Tests.AuthControllerTests.GetAllUsers_EmptyList_ReturnsEmptyArray" computerName="cursor" duration="00:00:00.0009627" startTime="2025-07-22T11:39:59.5790925+00:00" endTime="2025-07-22T11:39:59.5790927+00:00" testType="13cdc9d9-ddb5-4fa4-a97d-d965ccfc6d4b" outcome="Passed" testListId="8c84fa94-04c1-424b-9868-57a2d4851a1d" relativeResultsDirectory="593845f0-c26c-40d6-8bf7-8ff63d727051" />
    <UnitTestResult executionId="5ec5bb18-aec9-4661-b587-65b6054aa088" testId="f724b0dc-c183-2b88-55f6-508d2d012eb6" testName="LoginUserAPI.Tests.AuthControllerIntegrationTests.Register_DuplicateEmail_ReturnsBadRequest" computerName="cursor" duration="00:00:00.0019725" startTime="2025-07-22T11:39:59.9622427+00:00" endTime="2025-07-22T11:39:59.9622428+00:00" testType="13cdc9d9-ddb5-4fa4-a97d-d965ccfc6d4b" outcome="Passed" testListId="8c84fa94-04c1-424b-9868-57a2d4851a1d" relativeResultsDirectory="5ec5bb18-aec9-4661-b587-65b6054aa088" />
    <UnitTestResult executionId="4cebf10a-7808-46a4-8f93-20408cad1097" testId="122d19cc-3ca1-eb3f-9f6c-8dd278c27616" testName="LoginUserAPI.Tests.AuthControllerIntegrationTests.HealthCheck_ReturnsSuccess" computerName="cursor" duration="00:00:00.0109669" startTime="2025-07-22T11:39:59.9476412+00:00" endTime="2025-07-22T11:39:59.9476413+00:00" testType="13cdc9d9-ddb5-4fa4-a97d-d965ccfc6d4b" outcome="Passed" testListId="8c84fa94-04c1-424b-9868-57a2d4851a1d" relativeResultsDirectory="4cebf10a-7808-46a4-8f93-20408cad1097" />
    <UnitTestResult executionId="5eb9d2e9-bfde-43fa-b6ac-e8d3c0642434" testId="24afb46c-5541-bab3-6fdd-f38b4e3eec9a" testName="LoginUserAPI.Tests.ModelTests.UpdateProfileRequest_DefaultValues_AreCorrect" computerName="cursor" duration="00:00:00.0000559" startTime="2025-07-22T11:39:59.5691676+00:00" endTime="2025-07-22T11:39:59.5691677+00:00" testType="13cdc9d9-ddb5-4fa4-a97d-d965ccfc6d4b" outcome="Passed" testListId="8c84fa94-04c1-424b-9868-57a2d4851a1d" relativeResultsDirectory="5eb9d2e9-bfde-43fa-b6ac-e8d3c0642434" />
  </Results>
  <TestDefinitions>
    <UnitTest name="LoginUserAPI.Tests.AuthControllerIntegrationTests.GetAllUsers_ReturnsSuccess" storage="/workspace/login-user/backend/loginuserapi.tests/bin/debug/net8.0/loginuserapi.tests.dll" id="0b8755a0-d4b6-2c4e-afba-943b8094fc2c">
      <Execution id="888e35f8-7892-423f-8a5c-935e7f3ddc68" />
      <TestMethod codeBase="/workspace/login-user/backend/LoginUserAPI.Tests/bin/Debug/net8.0/LoginUserAPI.Tests.dll" adapterTypeName="executor://xunit/VsTestRunner2/netcoreapp" className="LoginUserAPI.Tests.AuthControllerIntegrationTests" name="GetAllUsers_ReturnsSuccess" />
    </UnitTest>
    <UnitTest name="LoginUserAPI.Tests.AuthControllerTests.GetAllUsers_WithUsers_ReturnsUserList" storage="/workspace/login-user/backend/loginuserapi.tests/bin/debug/net8.0/loginuserapi.tests.dll" id="a1221ca2-1b8f-f11a-4614-b47fd795039a">
      <Execution id="801299f4-636d-4d79-a405-d1b4ab9227d3" />
      <TestMethod codeBase="/workspace/login-user/backend/LoginUserAPI.Tests/bin/Debug/net8.0/LoginUserAPI.Tests.dll" adapterTypeName="executor://xunit/VsTestRunner2/netcoreapp" className="LoginUserAPI.Tests.AuthControllerTests" name="GetAllUsers_WithUsers_ReturnsUserList" />
    </UnitTest>
    <UnitTest name="LoginUserAPI.Tests.AuthControllerTests.Login_EmptyPassword_ReturnsBadRequest" storage="/workspace/login-user/backend/loginuserapi.tests/bin/debug/net8.0/loginuserapi.tests.dll" id="efd2b5e5-d353-3b18-0d16-f0335af8c7c7">
      <Execution id="5f4aae31-6f7b-4c4f-bc54-55945f797269" />
      <TestMethod codeBase="/workspace/login-user/backend/LoginUserAPI.Tests/bin/Debug/net8.0/LoginUserAPI.Tests.dll" adapterTypeName="executor://xunit/VsTestRunner2/netcoreapp" className="LoginUserAPI.Tests.AuthControllerTests" name="Login_EmptyPassword_ReturnsBadRequest" />
    </UnitTest>
    <UnitTest name="LoginUserAPI.Tests.ModelTests.LoginRequest_SetProperties_WorksCorrectly" storage="/workspace/login-user/backend/loginuserapi.tests/bin/debug/net8.0/loginuserapi.tests.dll" id="55fe5cd8-4ba4-8ca0-0fde-c411856fd3af">
      <Execution id="a108bea8-9506-4cf2-a685-0f342297fdeb" />
      <TestMethod codeBase="/workspace/login-user/backend/LoginUserAPI.Tests/bin/Debug/net8.0/LoginUserAPI.Tests.dll" adapterTypeName="executor://xunit/VsTestRunner2/netcoreapp" className="LoginUserAPI.Tests.ModelTests" name="LoginRequest_SetProperties_WorksCorrectly" />
    </UnitTest>
    <UnitTest name="LoginUserAPI.Tests.AuthControllerTests.Login_CaseInsensitiveEmail_ReturnsOkResult" storage="/workspace/login-user/backend/loginuserapi.tests/bin/debug/net8.0/loginuserapi.tests.dll" id="15a180c4-9b96-5181-adb3-242c4afc51d8">
      <Execution id="466bb5b4-93db-447c-8407-41766957e068" />
      <TestMethod codeBase="/workspace/login-user/backend/LoginUserAPI.Tests/bin/Debug/net8.0/LoginUserAPI.Tests.dll" adapterTypeName="executor://xunit/VsTestRunner2/netcoreapp" className="LoginUserAPI.Tests.AuthControllerTests" name="Login_CaseInsensitiveEmail_ReturnsOkResult" />
    </UnitTest>
    <UnitTest name="LoginUserAPI.Tests.AuthControllerTests.Register_EmptyPassword_ReturnsBadRequest" storage="/workspace/login-user/backend/loginuserapi.tests/bin/debug/net8.0/loginuserapi.tests.dll" id="db1d10cb-c9e6-92bf-5440-b3b3a02863f7">
      <Execution id="58d61354-7ea4-4997-a1b7-aa6a4699eb2d" />
      <TestMethod codeBase="/workspace/login-user/backend/LoginUserAPI.Tests/bin/Debug/net8.0/LoginUserAPI.Tests.dll" adapterTypeName="executor://xunit/VsTestRunner2/netcoreapp" className="LoginUserAPI.Tests.AuthControllerTests" name="Register_EmptyPassword_ReturnsBadRequest" />
    </UnitTest>
    <UnitTest name="LoginUserAPI.Tests.ModelTests.LoginRequest_VariousInputs_WorksCorrectly(email: &quot;user@domain.org&quot;, password: &quot;secret&quot;)" storage="/workspace/login-user/backend/loginuserapi.tests/bin/debug/net8.0/loginuserapi.tests.dll" id="d65bd58f-977e-c4ce-6077-c2d3655d3245">
      <Execution id="97412920-87f3-4ac4-a0cb-cf1de6d2a61b" />
      <TestMethod codeBase="/workspace/login-user/backend/LoginUserAPI.Tests/bin/Debug/net8.0/LoginUserAPI.Tests.dll" adapterTypeName="executor://xunit/VsTestRunner2/netcoreapp" className="LoginUserAPI.Tests.ModelTests" name="LoginRequest_VariousInputs_WorksCorrectly" />
    </UnitTest>
    <UnitTest name="LoginUserAPI.Tests.AuthControllerTests.Register_EmptyFirstName_ReturnsBadRequest" storage="/workspace/login-user/backend/loginuserapi.tests/bin/debug/net8.0/loginuserapi.tests.dll" id="34bafbc7-fb19-a710-13da-e691742ae730">
      <Execution id="c7d9b7a3-6351-4076-8481-65e6d2f2818d" />
      <TestMethod codeBase="/workspace/login-user/backend/LoginUserAPI.Tests/bin/Debug/net8.0/LoginUserAPI.Tests.dll" adapterTypeName="executor://xunit/VsTestRunner2/netcoreapp" className="LoginUserAPI.Tests.AuthControllerTests" name="Register_EmptyFirstName_ReturnsBadRequest" />
    </UnitTest>
    <UnitTest name="LoginUserAPI.Tests.AuthControllerTests.Register_MultipleUsers_AssignsIncrementalIds" storage="/workspace/login-user/backend/loginuserapi.tests/bin/debug/net8.0/loginuserapi.tests.dll" id="8a9c6e33-bbb6-595b-4c75-4bf777155dc0">
      <Execution id="ecc84721-5c89-4891-b588-8615f044fed9" />
      <TestMethod codeBase="/workspace/login-user/backend/LoginUserAPI.Tests/bin/Debug/net8.0/LoginUserAPI.Tests.dll" adapterTypeName="executor://xunit/VsTestRunner2/netcoreapp" className="LoginUserAPI.Tests.AuthControllerTests" name="Register_MultipleUsers_AssignsIncrementalIds" />
    </UnitTest>
    <UnitTest name="LoginUserAPI.Tests.ModelTests.UpdateProfileRequest_VariousInputs_WorksCorrectly(firstName: &quot;Admin&quot;, lastName: &quot;User&quot;)" storage="/workspace/login-user/backend/loginuserapi.tests/bin/debug/net8.0/loginuserapi.tests.dll" id="b5768c06-b155-b4e8-6e93-81c1bcb733d6">
      <Execution id="e1e5667a-d465-4b1d-9061-3e7adc2ecc6c" />
      <TestMethod codeBase="/workspace/login-user/backend/LoginUserAPI.Tests/bin/Debug/net8.0/LoginUserAPI.Tests.dll" adapterTypeName="executor://xunit/VsTestRunner2/netcoreapp" className="LoginUserAPI.Tests.ModelTests" name="UpdateProfileRequest_VariousInputs_WorksCorrectly" />
    </UnitTest>
    <UnitTest name="LoginUserAPI.Tests.AuthControllerTests.Register_NullRequest_ReturnsBadRequest" storage="/workspace/login-user/backend/loginuserapi.tests/bin/debug/net8.0/loginuserapi.tests.dll" id="25d41cb2-ad66-4c07-a13d-35ff1b341037">
      <Execution id="388599db-f0b5-4be1-a447-87bffd94fc23" />
      <TestMethod codeBase="/workspace/login-user/backend/LoginUserAPI.Tests/bin/Debug/net8.0/LoginUserAPI.Tests.dll" adapterTypeName="executor://xunit/VsTestRunner2/netcoreapp" className="LoginUserAPI.Tests.AuthControllerTests" name="Register_NullRequest_ReturnsBadRequest" />
    </UnitTest>
    <UnitTest name="LoginUserAPI.Tests.ModelTests.UpdateProfileRequest_SetProperties_WorksCorrectly" storage="/workspace/login-user/backend/loginuserapi.tests/bin/debug/net8.0/loginuserapi.tests.dll" id="fc74a278-a618-0a6d-a674-b5f0646c8c01">
      <Execution id="227bb2a9-d9a9-46b6-8eb6-fdfd2df93f4c" />
      <TestMethod codeBase="/workspace/login-user/backend/LoginUserAPI.Tests/bin/Debug/net8.0/LoginUserAPI.Tests.dll" adapterTypeName="executor://xunit/VsTestRunner2/netcoreapp" className="LoginUserAPI.Tests.ModelTests" name="UpdateProfileRequest_SetProperties_WorksCorrectly" />
    </UnitTest>
    <UnitTest name="LoginUserAPI.Tests.AuthControllerIntegrationTests.Register_InvalidRequest_ReturnsBadRequest" storage="/workspace/login-user/backend/loginuserapi.tests/bin/debug/net8.0/loginuserapi.tests.dll" id="1f683a02-93a5-10e9-6675-a8aa61f55434">
      <Execution id="287ea0b2-1fa9-4645-b79e-e1c7ae677cfc" />
      <TestMethod codeBase="/workspace/login-user/backend/LoginUserAPI.Tests/bin/Debug/net8.0/LoginUserAPI.Tests.dll" adapterTypeName="executor://xunit/VsTestRunner2/netcoreapp" className="LoginUserAPI.Tests.AuthControllerIntegrationTests" name="Register_InvalidRequest_ReturnsBadRequest" />
    </UnitTest>
    <UnitTest name="LoginUserAPI.Tests.ModelTests.RegisterRequest_VariousInputs_WorksCorrectly(email: &quot;test@example.com&quot;, password: &quot;password123&quot;, firstName: &quot;John&quot;, lastName: &quot;Doe&quot;)" storage="/workspace/login-user/backend/loginuserapi.tests/bin/debug/net8.0/loginuserapi.tests.dll" id="2550cc29-7ac7-4cd6-1bb9-d8eeddac3e22">
      <Execution id="0cf3d958-cef7-478d-8fd7-748afe2b4fa1" />
      <TestMethod codeBase="/workspace/login-user/backend/LoginUserAPI.Tests/bin/Debug/net8.0/LoginUserAPI.Tests.dll" adapterTypeName="executor://xunit/VsTestRunner2/netcoreapp" className="LoginUserAPI.Tests.ModelTests" name="RegisterRequest_VariousInputs_WorksCorrectly" />
    </UnitTest>
    <UnitTest name="LoginUserAPI.Tests.AuthControllerIntegrationTests.Login_InvalidCredentials_ReturnsBadRequest" storage="/workspace/login-user/backend/loginuserapi.tests/bin/debug/net8.0/loginuserapi.tests.dll" id="8d977e16-e184-3e4b-22d7-880ff7648c1d">
      <Execution id="394f241b-9dae-4f22-b9da-4d7993896dfe" />
      <TestMethod codeBase="/workspace/login-user/backend/LoginUserAPI.Tests/bin/Debug/net8.0/LoginUserAPI.Tests.dll" adapterTypeName="executor://xunit/VsTestRunner2/netcoreapp" className="LoginUserAPI.Tests.AuthControllerIntegrationTests" name="Login_InvalidCredentials_ReturnsBadRequest" />
    </UnitTest>
    <UnitTest name="LoginUserAPI.Tests.AuthControllerTests.GetAllUsers_EmptyList_ReturnsEmptyArray" storage="/workspace/login-user/backend/loginuserapi.tests/bin/debug/net8.0/loginuserapi.tests.dll" id="fcf249cf-8213-8b30-bde7-4cc90e6b3381">
      <Execution id="593845f0-c26c-40d6-8bf7-8ff63d727051" />
      <TestMethod codeBase="/workspace/login-user/backend/LoginUserAPI.Tests/bin/Debug/net8.0/LoginUserAPI.Tests.dll" adapterTypeName="executor://xunit/VsTestRunner2/netcoreapp" className="LoginUserAPI.Tests.AuthControllerTests" name="GetAllUsers_EmptyList_ReturnsEmptyArray" />
    </UnitTest>
    <UnitTest name="LoginUserAPI.Tests.ModelTests.RegisterRequest_SetProperties_WorksCorrectly" storage="/workspace/login-user/backend/loginuserapi.tests/bin/debug/net8.0/loginuserapi.tests.dll" id="4ec23aab-966d-d71d-bc28-0f4db9b39fb0">
      <Execution id="0420b4f2-4db3-4811-b0d2-73ae6a8b7fa9" />
      <TestMethod codeBase="/workspace/login-user/backend/LoginUserAPI.Tests/bin/Debug/net8.0/LoginUserAPI.Tests.dll" adapterTypeName="executor://xunit/VsTestRunner2/netcoreapp" className="LoginUserAPI.Tests.ModelTests" name="RegisterRequest_SetProperties_WorksCorrectly" />
    </UnitTest>
    <UnitTest name="LoginUserAPI.Tests.ModelTests.User_SetProperties_WorksCorrectly" storage="/workspace/login-user/backend/loginuserapi.tests/bin/debug/net8.0/loginuserapi.tests.dll" id="06ac2f45-63f5-136e-d4fc-ea226b4e3571">
      <Execution id="5bd6a235-9c5e-4b28-a704-ec1f9c3ce2ed" />
      <TestMethod codeBase="/workspace/login-user/backend/LoginUserAPI.Tests/bin/Debug/net8.0/LoginUserAPI.Tests.dll" adapterTypeName="executor://xunit/VsTestRunner2/netcoreapp" className="LoginUserAPI.Tests.ModelTests" name="User_SetProperties_WorksCorrectly" />
    </UnitTest>
    <UnitTest name="LoginUserAPI.Tests.ModelTests.RegisterRequest_VariousInputs_WorksCorrectly(email: &quot;admin@company.net&quot;, password: &quot;admin123&quot;, firstName: &quot;Admin&quot;, lastName: &quot;User&quot;)" storage="/workspace/login-user/backend/loginuserapi.tests/bin/debug/net8.0/loginuserapi.tests.dll" id="c2f89f0e-6426-9e39-7c55-983fe9b4f66f">
      <Execution id="30c42084-7cd5-47a8-bbdc-98e6f83a6f4b" />
      <TestMethod codeBase="/workspace/login-user/backend/LoginUserAPI.Tests/bin/Debug/net8.0/LoginUserAPI.Tests.dll" adapterTypeName="executor://xunit/VsTestRunner2/netcoreapp" className="LoginUserAPI.Tests.ModelTests" name="RegisterRequest_VariousInputs_WorksCorrectly" />
    </UnitTest>
    <UnitTest name="LoginUserAPI.Tests.ModelTests.User_DefaultValues_AreCorrect" storage="/workspace/login-user/backend/loginuserapi.tests/bin/debug/net8.0/loginuserapi.tests.dll" id="3a1dfe00-d838-a884-471f-9e95e7a3df10">
      <Execution id="565f1b7b-92b7-41c9-8327-d9fd5923f921" />
      <TestMethod codeBase="/workspace/login-user/backend/LoginUserAPI.Tests/bin/Debug/net8.0/LoginUserAPI.Tests.dll" adapterTypeName="executor://xunit/VsTestRunner2/netcoreapp" className="LoginUserAPI.Tests.ModelTests" name="User_DefaultValues_AreCorrect" />
    </UnitTest>
    <UnitTest name="LoginUserAPI.Tests.ModelTests.UpdateProfileRequest_DefaultValues_AreCorrect" storage="/workspace/login-user/backend/loginuserapi.tests/bin/debug/net8.0/loginuserapi.tests.dll" id="24afb46c-5541-bab3-6fdd-f38b4e3eec9a">
      <Execution id="5eb9d2e9-bfde-43fa-b6ac-e8d3c0642434" />
      <TestMethod codeBase="/workspace/login-user/backend/LoginUserAPI.Tests/bin/Debug/net8.0/LoginUserAPI.Tests.dll" adapterTypeName="executor://xunit/VsTestRunner2/netcoreapp" className="LoginUserAPI.Tests.ModelTests" name="UpdateProfileRequest_DefaultValues_AreCorrect" />
    </UnitTest>
    <UnitTest name="LoginUserAPI.Tests.AuthControllerIntegrationTests.Register_ValidRequest_ReturnsSuccess" storage="/workspace/login-user/backend/loginuserapi.tests/bin/debug/net8.0/loginuserapi.tests.dll" id="65886fe9-0728-377c-0972-70840b879cc0">
      <Execution id="b30b665c-521b-4f63-af99-cb94455c4cc4" />
      <TestMethod codeBase="/workspace/login-user/backend/LoginUserAPI.Tests/bin/Debug/net8.0/LoginUserAPI.Tests.dll" adapterTypeName="executor://xunit/VsTestRunner2/netcoreapp" className="LoginUserAPI.Tests.AuthControllerIntegrationTests" name="Register_ValidRequest_ReturnsSuccess" />
    </UnitTest>
    <UnitTest name="LoginUserAPI.Tests.AuthControllerTests.Login_ValidCredentials_ReturnsOkResult" storage="/workspace/login-user/backend/loginuserapi.tests/bin/debug/net8.0/loginuserapi.tests.dll" id="2afddba3-2be7-b882-fb42-c5bea2f6a55b">
      <Execution id="ae65d068-61fc-4d6b-b2f2-05dc75d48a95" />
      <TestMethod codeBase="/workspace/login-user/backend/LoginUserAPI.Tests/bin/Debug/net8.0/LoginUserAPI.Tests.dll" adapterTypeName="executor://xunit/VsTestRunner2/netcoreapp" className="LoginUserAPI.Tests.AuthControllerTests" name="Login_ValidCredentials_ReturnsOkResult" />
    </UnitTest>
    <UnitTest name="LoginUserAPI.Tests.ModelTests.RegisterRequest_DefaultValues_AreCorrect" storage="/workspace/login-user/backend/loginuserapi.tests/bin/debug/net8.0/loginuserapi.tests.dll" id="b93153ab-798b-fed9-906e-7dad852e5b86">
      <Execution id="9dc6bb8b-0fe2-48f2-ae3c-ad5f21a153a4" />
      <TestMethod codeBase="/workspace/login-user/backend/LoginUserAPI.Tests/bin/Debug/net8.0/LoginUserAPI.Tests.dll" adapterTypeName="executor://xunit/VsTestRunner2/netcoreapp" className="LoginUserAPI.Tests.ModelTests" name="RegisterRequest_DefaultValues_AreCorrect" />
    </UnitTest>
    <UnitTest name="LoginUserAPI.Tests.AuthControllerTests.Register_EmptyEmail_ReturnsBadRequest" storage="/workspace/login-user/backend/loginuserapi.tests/bin/debug/net8.0/loginuserapi.tests.dll" id="731bf6dc-2ae4-6fbc-a209-9a4e188d7d3e">
      <Execution id="2ce625cf-d236-420f-928b-9f1581861a01" />
      <TestMethod codeBase="/workspace/login-user/backend/LoginUserAPI.Tests/bin/Debug/net8.0/LoginUserAPI.Tests.dll" adapterTypeName="executor://xunit/VsTestRunner2/netcoreapp" className="LoginUserAPI.Tests.AuthControllerTests" name="Register_EmptyEmail_ReturnsBadRequest" />
    </UnitTest>
    <UnitTest name="LoginUserAPI.Tests.AuthControllerTests.HealthCheck_ReturnsOkResult" storage="/workspace/login-user/backend/loginuserapi.tests/bin/debug/net8.0/loginuserapi.tests.dll" id="6c20981b-8fb1-04a9-7ce4-3a3dc2dddcd3">
      <Execution id="dde0851f-bdca-499f-b79e-3ca6b9774a48" />
      <TestMethod codeBase="/workspace/login-user/backend/LoginUserAPI.Tests/bin/Debug/net8.0/LoginUserAPI.Tests.dll" adapterTypeName="executor://xunit/VsTestRunner2/netcoreapp" className="LoginUserAPI.Tests.AuthControllerTests" name="HealthCheck_ReturnsOkResult" />
    </UnitTest>
    <UnitTest name="LoginUserAPI.Tests.AuthControllerIntegrationTests.Login_ValidCredentials_ReturnsSuccess" storage="/workspace/login-user/backend/loginuserapi.tests/bin/debug/net8.0/loginuserapi.tests.dll" id="26a6b848-2677-c45a-d9ce-54c24095405c">
      <Execution id="af10a77a-00b2-4e8e-9ffb-6239185e4793" />
      <TestMethod codeBase="/workspace/login-user/backend/LoginUserAPI.Tests/bin/Debug/net8.0/LoginUserAPI.Tests.dll" adapterTypeName="executor://xunit/VsTestRunner2/netcoreapp" className="LoginUserAPI.Tests.AuthControllerIntegrationTests" name="Login_ValidCredentials_ReturnsSuccess" />
    </UnitTest>
    <UnitTest name="LoginUserAPI.Tests.AuthControllerTests.Login_NullRequest_ReturnsBadRequest" storage="/workspace/login-user/backend/loginuserapi.tests/bin/debug/net8.0/loginuserapi.tests.dll" id="bfdfdae4-9e7b-1cdd-7c44-748eb4c93efe">
      <Execution id="e32ddfff-a9df-4947-9ba1-4aafd6ab1be1" />
      <TestMethod codeBase="/workspace/login-user/backend/LoginUserAPI.Tests/bin/Debug/net8.0/LoginUserAPI.Tests.dll" adapterTypeName="executor://xunit/VsTestRunner2/netcoreapp" className="LoginUserAPI.Tests.AuthControllerTests" name="Login_NullRequest_ReturnsBadRequest" />
    </UnitTest>
    <UnitTest name="LoginUserAPI.Tests.AuthControllerTests.Register_EmptyLastName_ReturnsBadRequest" storage="/workspace/login-user/backend/loginuserapi.tests/bin/debug/net8.0/loginuserapi.tests.dll" id="ec831a30-3189-2ccf-8a0f-32ece83e924e">
      <Execution id="d80555a8-25ba-49d8-983d-323371d062e4" />
      <TestMethod codeBase="/workspace/login-user/backend/LoginUserAPI.Tests/bin/Debug/net8.0/LoginUserAPI.Tests.dll" adapterTypeName="executor://xunit/VsTestRunner2/netcoreapp" className="LoginUserAPI.Tests.AuthControllerTests" name="Register_EmptyLastName_ReturnsBadRequest" />
    </UnitTest>
    <UnitTest name="LoginUserAPI.Tests.AuthControllerTests.UpdateProfile_EmptyFirstName_UpdatesOnlyLastName" storage="/workspace/login-user/backend/loginuserapi.tests/bin/debug/net8.0/loginuserapi.tests.dll" id="cd0c4b77-d167-435c-70ed-cb32bc90a837">
      <Execution id="3abff74f-3cfd-4faf-b60b-67d63965f078" />
      <TestMethod codeBase="/workspace/login-user/backend/LoginUserAPI.Tests/bin/Debug/net8.0/LoginUserAPI.Tests.dll" adapterTypeName="executor://xunit/VsTestRunner2/netcoreapp" className="LoginUserAPI.Tests.AuthControllerTests" name="UpdateProfile_EmptyFirstName_UpdatesOnlyLastName" />
    </UnitTest>
    <UnitTest name="LoginUserAPI.Tests.ModelTests.LoginRequest_DefaultValues_AreCorrect" storage="/workspace/login-user/backend/loginuserapi.tests/bin/debug/net8.0/loginuserapi.tests.dll" id="fe4576a3-20d2-804f-90d1-c3216283f4cc">
      <Execution id="d884d5c8-b66a-4bf5-b918-04cb3df85521" />
      <TestMethod codeBase="/workspace/login-user/backend/LoginUserAPI.Tests/bin/Debug/net8.0/LoginUserAPI.Tests.dll" adapterTypeName="executor://xunit/VsTestRunner2/netcoreapp" className="LoginUserAPI.Tests.ModelTests" name="LoginRequest_DefaultValues_AreCorrect" />
    </UnitTest>
    <UnitTest name="LoginUserAPI.Tests.AuthControllerTests.Login_NonExistentUser_ReturnsBadRequest" storage="/workspace/login-user/backend/loginuserapi.tests/bin/debug/net8.0/loginuserapi.tests.dll" id="60a2d821-d4f3-cc77-9b14-6af4a2ebe6e9">
      <Execution id="5f726388-ac1e-4013-8838-4d1fa429d53b" />
      <TestMethod codeBase="/workspace/login-user/backend/LoginUserAPI.Tests/bin/Debug/net8.0/LoginUserAPI.Tests.dll" adapterTypeName="executor://xunit/VsTestRunner2/netcoreapp" className="LoginUserAPI.Tests.AuthControllerTests" name="Login_NonExistentUser_ReturnsBadRequest" />
    </UnitTest>
    <UnitTest name="LoginUserAPI.Tests.AuthControllerTests.UpdateProfile_NullRequest_ReturnsBadRequest" storage="/workspace/login-user/backend/loginuserapi.tests/bin/debug/net8.0/loginuserapi.tests.dll" id="9f4a22b0-e53d-af5d-ce9f-302cb266e81f">
      <Execution id="7176fe97-a1cf-4a96-85f7-dc49370bff56" />
      <TestMethod codeBase="/workspace/login-user/backend/LoginUserAPI.Tests/bin/Debug/net8.0/LoginUserAPI.Tests.dll" adapterTypeName="executor://xunit/VsTestRunner2/netcoreapp" className="LoginUserAPI.Tests.AuthControllerTests" name="UpdateProfile_NullRequest_ReturnsBadRequest" />
    </UnitTest>
    <UnitTest name="LoginUserAPI.Tests.ModelTests.LoginRequest_VariousInputs_WorksCorrectly(email: &quot;admin@company.net&quot;, password: &quot;admin123&quot;)" storage="/workspace/login-user/backend/loginuserapi.tests/bin/debug/net8.0/loginuserapi.tests.dll" id="946dd1cb-e0f0-962e-49f1-5c166d4adb96">
      <Execution id="8ea4ec03-b2a9-4462-b01d-3a5acc063353" />
      <TestMethod codeBase="/workspace/login-user/backend/LoginUserAPI.Tests/bin/Debug/net8.0/LoginUserAPI.Tests.dll" adapterTypeName="executor://xunit/VsTestRunner2/netcoreapp" className="LoginUserAPI.Tests.ModelTests" name="LoginRequest_VariousInputs_WorksCorrectly" />
    </UnitTest>
    <UnitTest name="LoginUserAPI.Tests.AuthControllerIntegrationTests.UpdateProfile_ValidRequest_ReturnsSuccess" storage="/workspace/login-user/backend/loginuserapi.tests/bin/debug/net8.0/loginuserapi.tests.dll" id="7ff60b14-e3d4-22d7-b372-b2d8f1bc9eb4">
      <Execution id="537eee7f-a350-4d29-b4c2-a2f5762f1645" />
      <TestMethod codeBase="/workspace/login-user/backend/LoginUserAPI.Tests/bin/Debug/net8.0/LoginUserAPI.Tests.dll" adapterTypeName="executor://xunit/VsTestRunner2/netcoreapp" className="LoginUserAPI.Tests.AuthControllerIntegrationTests" name="UpdateProfile_ValidRequest_ReturnsSuccess" />
    </UnitTest>
    <UnitTest name="LoginUserAPI.Tests.AuthControllerIntegrationTests.UpdateProfile_NonExistentUser_ReturnsNotFound" storage="/workspace/login-user/backend/loginuserapi.tests/bin/debug/net8.0/loginuserapi.tests.dll" id="7a8d0a09-3cbb-1169-56b3-d6cf4dcbfa86">
      <Execution id="71cb1453-87b7-4d04-a1fe-d7d99d047e31" />
      <TestMethod codeBase="/workspace/login-user/backend/LoginUserAPI.Tests/bin/Debug/net8.0/LoginUserAPI.Tests.dll" adapterTypeName="executor://xunit/VsTestRunner2/netcoreapp" className="LoginUserAPI.Tests.AuthControllerIntegrationTests" name="UpdateProfile_NonExistentUser_ReturnsNotFound" />
    </UnitTest>
    <UnitTest name="LoginUserAPI.Tests.AuthControllerTests.HealthCheck_ReturnsCorrectUserCount" storage="/workspace/login-user/backend/loginuserapi.tests/bin/debug/net8.0/loginuserapi.tests.dll" id="4c43baae-c7b2-9881-fac5-87acbdbfed7b">
      <Execution id="d8174ac6-5fec-4120-8f84-92c2c035954d" />
      <TestMethod codeBase="/workspace/login-user/backend/LoginUserAPI.Tests/bin/Debug/net8.0/LoginUserAPI.Tests.dll" adapterTypeName="executor://xunit/VsTestRunner2/netcoreapp" className="LoginUserAPI.Tests.AuthControllerTests" name="HealthCheck_ReturnsCorrectUserCount" />
    </UnitTest>
    <UnitTest name="LoginUserAPI.Tests.AuthControllerTests.Login_InvalidCredentials_ReturnsBadRequest" storage="/workspace/login-user/backend/loginuserapi.tests/bin/debug/net8.0/loginuserapi.tests.dll" id="67978293-2af4-9ff3-6a6e-c0d6ba419049">
      <Execution id="5a6c68bf-0666-4544-8929-cfb3e0d1c133" />
      <TestMethod codeBase="/workspace/login-user/backend/LoginUserAPI.Tests/bin/Debug/net8.0/LoginUserAPI.Tests.dll" adapterTypeName="executor://xunit/VsTestRunner2/netcoreapp" className="LoginUserAPI.Tests.AuthControllerTests" name="Login_InvalidCredentials_ReturnsBadRequest" />
    </UnitTest>
    <UnitTest name="LoginUserAPI.Tests.ModelTests.LoginRequest_VariousInputs_WorksCorrectly(email: &quot;test@example.com&quot;, password: &quot;password123&quot;)" storage="/workspace/login-user/backend/loginuserapi.tests/bin/debug/net8.0/loginuserapi.tests.dll" id="9aeab9da-e652-434f-d148-2e93f662d855">
      <Execution id="ba8ee7ac-e303-4e93-995d-2dd817e859ae" />
      <TestMethod codeBase="/workspace/login-user/backend/LoginUserAPI.Tests/bin/Debug/net8.0/LoginUserAPI.Tests.dll" adapterTypeName="executor://xunit/VsTestRunner2/netcoreapp" className="LoginUserAPI.Tests.ModelTests" name="LoginRequest_VariousInputs_WorksCorrectly" />
    </UnitTest>
    <UnitTest name="LoginUserAPI.Tests.AuthControllerTests.Register_DuplicateEmail_ReturnsBadRequest" storage="/workspace/login-user/backend/loginuserapi.tests/bin/debug/net8.0/loginuserapi.tests.dll" id="0ebc68e4-1c08-c265-c29c-d7f19e0e5c2d">
      <Execution id="ea618714-56b9-4abc-ae99-3fc73db9269a" />
      <TestMethod codeBase="/workspace/login-user/backend/LoginUserAPI.Tests/bin/Debug/net8.0/LoginUserAPI.Tests.dll" adapterTypeName="executor://xunit/VsTestRunner2/netcoreapp" className="LoginUserAPI.Tests.AuthControllerTests" name="Register_DuplicateEmail_ReturnsBadRequest" />
    </UnitTest>
    <UnitTest name="LoginUserAPI.Tests.AuthControllerIntegrationTests.Register_DuplicateEmail_ReturnsBadRequest" storage="/workspace/login-user/backend/loginuserapi.tests/bin/debug/net8.0/loginuserapi.tests.dll" id="f724b0dc-c183-2b88-55f6-508d2d012eb6">
      <Execution id="5ec5bb18-aec9-4661-b587-65b6054aa088" />
      <TestMethod codeBase="/workspace/login-user/backend/LoginUserAPI.Tests/bin/Debug/net8.0/LoginUserAPI.Tests.dll" adapterTypeName="executor://xunit/VsTestRunner2/netcoreapp" className="LoginUserAPI.Tests.AuthControllerIntegrationTests" name="Register_DuplicateEmail_ReturnsBadRequest" />
    </UnitTest>
    <UnitTest name="LoginUserAPI.Tests.AuthControllerIntegrationTests.EndToEndUserFlow_RegisterLoginUpdateProfile_Success" storage="/workspace/login-user/backend/loginuserapi.tests/bin/debug/net8.0/loginuserapi.tests.dll" id="b7ff0544-5833-9bd0-40f7-a262c043b00e">
      <Execution id="a35a61d2-70dc-4203-8927-ab7def411d8a" />
      <TestMethod codeBase="/workspace/login-user/backend/LoginUserAPI.Tests/bin/Debug/net8.0/LoginUserAPI.Tests.dll" adapterTypeName="executor://xunit/VsTestRunner2/netcoreapp" className="LoginUserAPI.Tests.AuthControllerIntegrationTests" name="EndToEndUserFlow_RegisterLoginUpdateProfile_Success" />
    </UnitTest>
    <UnitTest name="LoginUserAPI.Tests.ModelTests.UserResponse_FromUser_MapsCorrectly" storage="/workspace/login-user/backend/loginuserapi.tests/bin/debug/net8.0/loginuserapi.tests.dll" id="eefae636-e025-842b-f4db-ce0fe24c7228">
      <Execution id="c797db72-9cf1-4313-9f92-321ef7749902" />
      <TestMethod codeBase="/workspace/login-user/backend/LoginUserAPI.Tests/bin/Debug/net8.0/LoginUserAPI.Tests.dll" adapterTypeName="executor://xunit/VsTestRunner2/netcoreapp" className="LoginUserAPI.Tests.ModelTests" name="UserResponse_FromUser_MapsCorrectly" />
    </UnitTest>
    <UnitTest name="LoginUserAPI.Tests.AuthControllerTests.Register_ValidRequest_ReturnsOkResult" storage="/workspace/login-user/backend/loginuserapi.tests/bin/debug/net8.0/loginuserapi.tests.dll" id="3dfa2ae3-b559-2604-c84f-6f4008b379d7">
      <Execution id="a665544c-26db-4198-893c-5426f1e4087f" />
      <TestMethod codeBase="/workspace/login-user/backend/LoginUserAPI.Tests/bin/Debug/net8.0/LoginUserAPI.Tests.dll" adapterTypeName="executor://xunit/VsTestRunner2/netcoreapp" className="LoginUserAPI.Tests.AuthControllerTests" name="Register_ValidRequest_ReturnsOkResult" />
    </UnitTest>
    <UnitTest name="LoginUserAPI.Tests.ModelTests.UserResponse_SetProperties_WorksCorrectly" storage="/workspace/login-user/backend/loginuserapi.tests/bin/debug/net8.0/loginuserapi.tests.dll" id="2772ac65-d708-a34c-3f7b-79c5ed321ca3">
      <Execution id="ece8767a-b7e8-46f5-aa23-43520566092b" />
      <TestMethod codeBase="/workspace/login-user/backend/LoginUserAPI.Tests/bin/Debug/net8.0/LoginUserAPI.Tests.dll" adapterTypeName="executor://xunit/VsTestRunner2/netcoreapp" className="LoginUserAPI.Tests.ModelTests" name="UserResponse_SetProperties_WorksCorrectly" />
    </UnitTest>
    <UnitTest name="LoginUserAPI.Tests.ModelTests.UpdateProfileRequest_VariousInputs_WorksCorrectly(firstName: &quot;John&quot;, lastName: &quot;Doe&quot;)" storage="/workspace/login-user/backend/loginuserapi.tests/bin/debug/net8.0/loginuserapi.tests.dll" id="ebf53b28-2450-64ad-c356-5c3a121a3472">
      <Execution id="c3c292a6-6799-4aea-803f-65cb39b16d9a" />
      <TestMethod codeBase="/workspace/login-user/backend/LoginUserAPI.Tests/bin/Debug/net8.0/LoginUserAPI.Tests.dll" adapterTypeName="executor://xunit/VsTestRunner2/netcoreapp" className="LoginUserAPI.Tests.ModelTests" name="UpdateProfileRequest_VariousInputs_WorksCorrectly" />
    </UnitTest>
    <UnitTest name="LoginUserAPI.Tests.AuthControllerTests.Register_DuplicateEmailCaseInsensitive_ReturnsBadRequest" storage="/workspace/login-user/backend/loginuserapi.tests/bin/debug/net8.0/loginuserapi.tests.dll" id="c9501e7c-44b5-cdc3-2216-0670e2ff49d9">
      <Execution id="fc79055b-cec0-4fb3-a2e2-8d90fdb17aa3" />
      <TestMethod codeBase="/workspace/login-user/backend/LoginUserAPI.Tests/bin/Debug/net8.0/LoginUserAPI.Tests.dll" adapterTypeName="executor://xunit/VsTestRunner2/netcoreapp" className="LoginUserAPI.Tests.AuthControllerTests" name="Register_DuplicateEmailCaseInsensitive_ReturnsBadRequest" />
    </UnitTest>
    <UnitTest name="LoginUserAPI.Tests.AuthControllerTests.Login_EmptyEmail_ReturnsBadRequest" storage="/workspace/login-user/backend/loginuserapi.tests/bin/debug/net8.0/loginuserapi.tests.dll" id="8543fd21-3aa9-4dd0-70c5-1a6d62268c55">
      <Execution id="62f859ea-ba60-453a-bfd2-419b2b828d76" />
      <TestMethod codeBase="/workspace/login-user/backend/LoginUserAPI.Tests/bin/Debug/net8.0/LoginUserAPI.Tests.dll" adapterTypeName="executor://xunit/VsTestRunner2/netcoreapp" className="LoginUserAPI.Tests.AuthControllerTests" name="Login_EmptyEmail_ReturnsBadRequest" />
    </UnitTest>
    <UnitTest name="LoginUserAPI.Tests.ModelTests.RegisterRequest_VariousInputs_WorksCorrectly(email: &quot;user@domain.org&quot;, password: &quot;secret&quot;, firstName: &quot;Jane&quot;, lastName: &quot;Smith&quot;)" storage="/workspace/login-user/backend/loginuserapi.tests/bin/debug/net8.0/loginuserapi.tests.dll" id="050789db-d758-acd6-21f9-a71b1eb7a5f2">
      <Execution id="e0ed0554-2aa2-490f-bb3e-63caddd15c0b" />
      <TestMethod codeBase="/workspace/login-user/backend/LoginUserAPI.Tests/bin/Debug/net8.0/LoginUserAPI.Tests.dll" adapterTypeName="executor://xunit/VsTestRunner2/netcoreapp" className="LoginUserAPI.Tests.ModelTests" name="RegisterRequest_VariousInputs_WorksCorrectly" />
    </UnitTest>
    <UnitTest name="LoginUserAPI.Tests.AuthControllerIntegrationTests.HealthCheck_ReturnsSuccess" storage="/workspace/login-user/backend/loginuserapi.tests/bin/debug/net8.0/loginuserapi.tests.dll" id="122d19cc-3ca1-eb3f-9f6c-8dd278c27616">
      <Execution id="4cebf10a-7808-46a4-8f93-20408cad1097" />
      <TestMethod codeBase="/workspace/login-user/backend/LoginUserAPI.Tests/bin/Debug/net8.0/LoginUserAPI.Tests.dll" adapterTypeName="executor://xunit/VsTestRunner2/netcoreapp" className="LoginUserAPI.Tests.AuthControllerIntegrationTests" name="HealthCheck_ReturnsSuccess" />
    </UnitTest>
    <UnitTest name="LoginUserAPI.Tests.ModelTests.UserResponse_DefaultValues_AreCorrect" storage="/workspace/login-user/backend/loginuserapi.tests/bin/debug/net8.0/loginuserapi.tests.dll" id="a2ac3000-3496-c154-6505-37d5bfe315d0">
      <Execution id="621dde8c-b024-4c62-8120-4ef8973bb87c" />
      <TestMethod codeBase="/workspace/login-user/backend/LoginUserAPI.Tests/bin/Debug/net8.0/LoginUserAPI.Tests.dll" adapterTypeName="executor://xunit/VsTestRunner2/netcoreapp" className="LoginUserAPI.Tests.ModelTests" name="UserResponse_DefaultValues_AreCorrect" />
    </UnitTest>
    <UnitTest name="LoginUserAPI.Tests.ModelTests.UpdateProfileRequest_VariousInputs_WorksCorrectly(firstName: &quot;Jane&quot;, lastName: &quot;Smith&quot;)" storage="/workspace/login-user/backend/loginuserapi.tests/bin/debug/net8.0/loginuserapi.tests.dll" id="103c1350-5726-a946-1007-ceaa5d533d13">
      <Execution id="9a070049-9e33-440e-b709-5c82455586b8" />
      <TestMethod codeBase="/workspace/login-user/backend/LoginUserAPI.Tests/bin/Debug/net8.0/LoginUserAPI.Tests.dll" adapterTypeName="executor://xunit/VsTestRunner2/netcoreapp" className="LoginUserAPI.Tests.ModelTests" name="UpdateProfileRequest_VariousInputs_WorksCorrectly" />
    </UnitTest>
    <UnitTest name="LoginUserAPI.Tests.AuthControllerTests.UpdateProfile_NonExistentUser_ReturnsNotFound" storage="/workspace/login-user/backend/loginuserapi.tests/bin/debug/net8.0/loginuserapi.tests.dll" id="7c1b97f7-5270-f61f-4dad-087bd577c06f">
      <Execution id="7528e356-07dc-4bba-ba87-6f3638f04895" />
      <TestMethod codeBase="/workspace/login-user/backend/LoginUserAPI.Tests/bin/Debug/net8.0/LoginUserAPI.Tests.dll" adapterTypeName="executor://xunit/VsTestRunner2/netcoreapp" className="LoginUserAPI.Tests.AuthControllerTests" name="UpdateProfile_NonExistentUser_ReturnsNotFound" />
    </UnitTest>
    <UnitTest name="LoginUserAPI.Tests.AuthControllerTests.UpdateProfile_ValidRequest_ReturnsOkResult" storage="/workspace/login-user/backend/loginuserapi.tests/bin/debug/net8.0/loginuserapi.tests.dll" id="104fcd3c-dbc8-6fa1-7bb0-50e9e6565be4">
      <Execution id="2d19fee3-3cf0-405c-bd43-ef2c9320c605" />
      <TestMethod codeBase="/workspace/login-user/backend/LoginUserAPI.Tests/bin/Debug/net8.0/LoginUserAPI.Tests.dll" adapterTypeName="executor://xunit/VsTestRunner2/netcoreapp" className="LoginUserAPI.Tests.AuthControllerTests" name="UpdateProfile_ValidRequest_ReturnsOkResult" />
    </UnitTest>
  </TestDefinitions>
  <TestEntries>
    <TestEntry testId="0b8755a0-d4b6-2c4e-afba-943b8094fc2c" executionId="888e35f8-7892-423f-8a5c-935e7f3ddc68" testListId="8c84fa94-04c1-424b-9868-57a2d4851a1d" />
    <TestEntry testId="050789db-d758-acd6-21f9-a71b1eb7a5f2" executionId="e0ed0554-2aa2-490f-bb3e-63caddd15c0b" testListId="8c84fa94-04c1-424b-9868-57a2d4851a1d" />
    <TestEntry testId="731bf6dc-2ae4-6fbc-a209-9a4e188d7d3e" executionId="2ce625cf-d236-420f-928b-9f1581861a01" testListId="8c84fa94-04c1-424b-9868-57a2d4851a1d" />
    <TestEntry testId="7c1b97f7-5270-f61f-4dad-087bd577c06f" executionId="7528e356-07dc-4bba-ba87-6f3638f04895" testListId="8c84fa94-04c1-424b-9868-57a2d4851a1d" />
    <TestEntry testId="946dd1cb-e0f0-962e-49f1-5c166d4adb96" executionId="8ea4ec03-b2a9-4462-b01d-3a5acc063353" testListId="8c84fa94-04c1-424b-9868-57a2d4851a1d" />
    <TestEntry testId="9aeab9da-e652-434f-d148-2e93f662d855" executionId="ba8ee7ac-e303-4e93-995d-2dd817e859ae" testListId="8c84fa94-04c1-424b-9868-57a2d4851a1d" />
    <TestEntry testId="3dfa2ae3-b559-2604-c84f-6f4008b379d7" executionId="a665544c-26db-4198-893c-5426f1e4087f" testListId="8c84fa94-04c1-424b-9868-57a2d4851a1d" />
    <TestEntry testId="c9501e7c-44b5-cdc3-2216-0670e2ff49d9" executionId="fc79055b-cec0-4fb3-a2e2-8d90fdb17aa3" testListId="8c84fa94-04c1-424b-9868-57a2d4851a1d" />
    <TestEntry testId="4c43baae-c7b2-9881-fac5-87acbdbfed7b" executionId="d8174ac6-5fec-4120-8f84-92c2c035954d" testListId="8c84fa94-04c1-424b-9868-57a2d4851a1d" />
    <TestEntry testId="2772ac65-d708-a34c-3f7b-79c5ed321ca3" executionId="ece8767a-b7e8-46f5-aa23-43520566092b" testListId="8c84fa94-04c1-424b-9868-57a2d4851a1d" />
    <TestEntry testId="fe4576a3-20d2-804f-90d1-c3216283f4cc" executionId="d884d5c8-b66a-4bf5-b918-04cb3df85521" testListId="8c84fa94-04c1-424b-9868-57a2d4851a1d" />
    <TestEntry testId="9f4a22b0-e53d-af5d-ce9f-302cb266e81f" executionId="7176fe97-a1cf-4a96-85f7-dc49370bff56" testListId="8c84fa94-04c1-424b-9868-57a2d4851a1d" />
    <TestEntry testId="b93153ab-798b-fed9-906e-7dad852e5b86" executionId="9dc6bb8b-0fe2-48f2-ae3c-ad5f21a153a4" testListId="8c84fa94-04c1-424b-9868-57a2d4851a1d" />
    <TestEntry testId="26a6b848-2677-c45a-d9ce-54c24095405c" executionId="af10a77a-00b2-4e8e-9ffb-6239185e4793" testListId="8c84fa94-04c1-424b-9868-57a2d4851a1d" />
    <TestEntry testId="67978293-2af4-9ff3-6a6e-c0d6ba419049" executionId="5a6c68bf-0666-4544-8929-cfb3e0d1c133" testListId="8c84fa94-04c1-424b-9868-57a2d4851a1d" />
    <TestEntry testId="ec831a30-3189-2ccf-8a0f-32ece83e924e" executionId="d80555a8-25ba-49d8-983d-323371d062e4" testListId="8c84fa94-04c1-424b-9868-57a2d4851a1d" />
    <TestEntry testId="4ec23aab-966d-d71d-bc28-0f4db9b39fb0" executionId="0420b4f2-4db3-4811-b0d2-73ae6a8b7fa9" testListId="8c84fa94-04c1-424b-9868-57a2d4851a1d" />
    <TestEntry testId="2afddba3-2be7-b882-fb42-c5bea2f6a55b" executionId="ae65d068-61fc-4d6b-b2f2-05dc75d48a95" testListId="8c84fa94-04c1-424b-9868-57a2d4851a1d" />
    <TestEntry testId="a1221ca2-1b8f-f11a-4614-b47fd795039a" executionId="801299f4-636d-4d79-a405-d1b4ab9227d3" testListId="8c84fa94-04c1-424b-9868-57a2d4851a1d" />
    <TestEntry testId="7ff60b14-e3d4-22d7-b372-b2d8f1bc9eb4" executionId="537eee7f-a350-4d29-b4c2-a2f5762f1645" testListId="8c84fa94-04c1-424b-9868-57a2d4851a1d" />
    <TestEntry testId="8543fd21-3aa9-4dd0-70c5-1a6d62268c55" executionId="62f859ea-ba60-453a-bfd2-419b2b828d76" testListId="8c84fa94-04c1-424b-9868-57a2d4851a1d" />
    <TestEntry testId="6c20981b-8fb1-04a9-7ce4-3a3dc2dddcd3" executionId="dde0851f-bdca-499f-b79e-3ca6b9774a48" testListId="8c84fa94-04c1-424b-9868-57a2d4851a1d" />
    <TestEntry testId="fc74a278-a618-0a6d-a674-b5f0646c8c01" executionId="227bb2a9-d9a9-46b6-8eb6-fdfd2df93f4c" testListId="8c84fa94-04c1-424b-9868-57a2d4851a1d" />
    <TestEntry testId="bfdfdae4-9e7b-1cdd-7c44-748eb4c93efe" executionId="e32ddfff-a9df-4947-9ba1-4aafd6ab1be1" testListId="8c84fa94-04c1-424b-9868-57a2d4851a1d" />
    <TestEntry testId="b7ff0544-5833-9bd0-40f7-a262c043b00e" executionId="a35a61d2-70dc-4203-8927-ab7def411d8a" testListId="8c84fa94-04c1-424b-9868-57a2d4851a1d" />
    <TestEntry testId="8d977e16-e184-3e4b-22d7-880ff7648c1d" executionId="394f241b-9dae-4f22-b9da-4d7993896dfe" testListId="8c84fa94-04c1-424b-9868-57a2d4851a1d" />
    <TestEntry testId="3a1dfe00-d838-a884-471f-9e95e7a3df10" executionId="565f1b7b-92b7-41c9-8327-d9fd5923f921" testListId="8c84fa94-04c1-424b-9868-57a2d4851a1d" />
    <TestEntry testId="eefae636-e025-842b-f4db-ce0fe24c7228" executionId="c797db72-9cf1-4313-9f92-321ef7749902" testListId="8c84fa94-04c1-424b-9868-57a2d4851a1d" />
    <TestEntry testId="25d41cb2-ad66-4c07-a13d-35ff1b341037" executionId="388599db-f0b5-4be1-a447-87bffd94fc23" testListId="8c84fa94-04c1-424b-9868-57a2d4851a1d" />
    <TestEntry testId="ebf53b28-2450-64ad-c356-5c3a121a3472" executionId="c3c292a6-6799-4aea-803f-65cb39b16d9a" testListId="8c84fa94-04c1-424b-9868-57a2d4851a1d" />
    <TestEntry testId="55fe5cd8-4ba4-8ca0-0fde-c411856fd3af" executionId="a108bea8-9506-4cf2-a685-0f342297fdeb" testListId="8c84fa94-04c1-424b-9868-57a2d4851a1d" />
    <TestEntry testId="15a180c4-9b96-5181-adb3-242c4afc51d8" executionId="466bb5b4-93db-447c-8407-41766957e068" testListId="8c84fa94-04c1-424b-9868-57a2d4851a1d" />
    <TestEntry testId="a2ac3000-3496-c154-6505-37d5bfe315d0" executionId="621dde8c-b024-4c62-8120-4ef8973bb87c" testListId="8c84fa94-04c1-424b-9868-57a2d4851a1d" />
    <TestEntry testId="2550cc29-7ac7-4cd6-1bb9-d8eeddac3e22" executionId="0cf3d958-cef7-478d-8fd7-748afe2b4fa1" testListId="8c84fa94-04c1-424b-9868-57a2d4851a1d" />
    <TestEntry testId="06ac2f45-63f5-136e-d4fc-ea226b4e3571" executionId="5bd6a235-9c5e-4b28-a704-ec1f9c3ce2ed" testListId="8c84fa94-04c1-424b-9868-57a2d4851a1d" />
    <TestEntry testId="8a9c6e33-bbb6-595b-4c75-4bf777155dc0" executionId="ecc84721-5c89-4891-b588-8615f044fed9" testListId="8c84fa94-04c1-424b-9868-57a2d4851a1d" />
    <TestEntry testId="7a8d0a09-3cbb-1169-56b3-d6cf4dcbfa86" executionId="71cb1453-87b7-4d04-a1fe-d7d99d047e31" testListId="8c84fa94-04c1-424b-9868-57a2d4851a1d" />
    <TestEntry testId="efd2b5e5-d353-3b18-0d16-f0335af8c7c7" executionId="5f4aae31-6f7b-4c4f-bc54-55945f797269" testListId="8c84fa94-04c1-424b-9868-57a2d4851a1d" />
    <TestEntry testId="103c1350-5726-a946-1007-ceaa5d533d13" executionId="9a070049-9e33-440e-b709-5c82455586b8" testListId="8c84fa94-04c1-424b-9868-57a2d4851a1d" />
    <TestEntry testId="cd0c4b77-d167-435c-70ed-cb32bc90a837" executionId="3abff74f-3cfd-4faf-b60b-67d63965f078" testListId="8c84fa94-04c1-424b-9868-57a2d4851a1d" />
    <TestEntry testId="104fcd3c-dbc8-6fa1-7bb0-50e9e6565be4" executionId="2d19fee3-3cf0-405c-bd43-ef2c9320c605" testListId="8c84fa94-04c1-424b-9868-57a2d4851a1d" />
    <TestEntry testId="b5768c06-b155-b4e8-6e93-81c1bcb733d6" executionId="e1e5667a-d465-4b1d-9061-3e7adc2ecc6c" testListId="8c84fa94-04c1-424b-9868-57a2d4851a1d" />
    <TestEntry testId="c2f89f0e-6426-9e39-7c55-983fe9b4f66f" executionId="30c42084-7cd5-47a8-bbdc-98e6f83a6f4b" testListId="8c84fa94-04c1-424b-9868-57a2d4851a1d" />
    <TestEntry testId="0ebc68e4-1c08-c265-c29c-d7f19e0e5c2d" executionId="ea618714-56b9-4abc-ae99-3fc73db9269a" testListId="8c84fa94-04c1-424b-9868-57a2d4851a1d" />
    <TestEntry testId="d65bd58f-977e-c4ce-6077-c2d3655d3245" executionId="97412920-87f3-4ac4-a0cb-cf1de6d2a61b" testListId="8c84fa94-04c1-424b-9868-57a2d4851a1d" />
    <TestEntry testId="34bafbc7-fb19-a710-13da-e691742ae730" executionId="c7d9b7a3-6351-4076-8481-65e6d2f2818d" testListId="8c84fa94-04c1-424b-9868-57a2d4851a1d" />
    <TestEntry testId="65886fe9-0728-377c-0972-70840b879cc0" executionId="b30b665c-521b-4f63-af99-cb94455c4cc4" testListId="8c84fa94-04c1-424b-9868-57a2d4851a1d" />
    <TestEntry testId="60a2d821-d4f3-cc77-9b14-6af4a2ebe6e9" executionId="5f726388-ac1e-4013-8838-4d1fa429d53b" testListId="8c84fa94-04c1-424b-9868-57a2d4851a1d" />
    <TestEntry testId="db1d10cb-c9e6-92bf-5440-b3b3a02863f7" executionId="58d61354-7ea4-4997-a1b7-aa6a4699eb2d" testListId="8c84fa94-04c1-424b-9868-57a2d4851a1d" />
    <TestEntry testId="1f683a02-93a5-10e9-6675-a8aa61f55434" executionId="287ea0b2-1fa9-4645-b79e-e1c7ae677cfc" testListId="8c84fa94-04c1-424b-9868-57a2d4851a1d" />
    <TestEntry testId="fcf249cf-8213-8b30-bde7-4cc90e6b3381" executionId="593845f0-c26c-40d6-8bf7-8ff63d727051" testListId="8c84fa94-04c1-424b-9868-57a2d4851a1d" />
    <TestEntry testId="f724b0dc-c183-2b88-55f6-508d2d012eb6" executionId="5ec5bb18-aec9-4661-b587-65b6054aa088" testListId="8c84fa94-04c1-424b-9868-57a2d4851a1d" />
    <TestEntry testId="122d19cc-3ca1-eb3f-9f6c-8dd278c27616" executionId="4cebf10a-7808-46a4-8f93-20408cad1097" testListId="8c84fa94-04c1-424b-9868-57a2d4851a1d" />
    <TestEntry testId="24afb46c-5541-bab3-6fdd-f38b4e3eec9a" executionId="5eb9d2e9-bfde-43fa-b6ac-e8d3c0642434" testListId="8c84fa94-04c1-424b-9868-57a2d4851a1d" />
  </TestEntries>
  <TestLists>
    <TestList name="Results Not in a List" id="8c84fa94-04c1-424b-9868-57a2d4851a1d" />
    <TestList name="All Loaded Results" id="19431567-8539-422a-85d7-44ee4e166bda" />
  </TestLists>
  <ResultSummary outcome="Failed">
    <Counters total="54" executed="54" passed="53" failed="1" error="0" timeout="0" aborted="0" inconclusive="0" passedButRunAborted="0" notRunnable="0" notExecuted="0" disconnected="0" warning="0" completed="0" inProgress="0" pending="0" />
    <Output>
      <StdOut>[xUnit.net 00:00:00.00] xUnit.net VSTest Adapter v2.5.3.1+6b60a9e56a (64-bit .NET 8.0.18)
[xUnit.net 00:00:00.06]   Discovering: LoginUserAPI.Tests
[xUnit.net 00:00:00.09]   Discovered:  LoginUserAPI.Tests
[xUnit.net 00:00:00.10]   Starting:    LoginUserAPI.Tests
[xUnit.net 00:00:00.21]       System.NullReferenceException : Object reference not set to an instance of an object.
[xUnit.net 00:00:00.21]       Stack Trace:
[xUnit.net 00:00:00.21]         /workspace/login-user/backend/LoginUserAPI/Controllers/AuthController.cs(84,0): at LoginUserAPI.Controllers.AuthController.Login(LoginRequest request)
[xUnit.net 00:00:00.21]         /workspace/login-user/backend/LoginUserAPI.Tests/AuthControllerTests.cs(251,0): at LoginUserAPI.Tests.AuthControllerTests.Login_NullRequest_ReturnsBadRequest()
[xUnit.net 00:00:00.21]            at System.RuntimeMethodHandle.InvokeMethod(Object target, Void** arguments, Signature sig, Boolean isConstructor)
[xUnit.net 00:00:00.21]            at System.Reflection.MethodBaseInvoker.InvokeWithNoArgs(Object obj, BindingFlags invokeAttr)
info: Microsoft.EntityFrameworkCore.Update[30100]
      Saved 0 entities to in-memory store.
info: LoginUserAPI.Controllers.AuthController[0]
      Registration attempt for email: 
warn: LoginUserAPI.Controllers.AuthController[0]
      Registration failed: Missing email or password
info: LoginUserAPI.Controllers.AuthController[0]
      Profile update attempt for user ID: 999
warn: LoginUserAPI.Controllers.AuthController[0]
      Profile update failed: User not found with ID 999
info: LoginUserAPI.Controllers.AuthController[0]
      Registration attempt for email: update@example.com
info: LoginUserAPI.Controllers.AuthController[0]
      User registered successfully with ID: 3
info: LoginUserAPI.Controllers.AuthController[0]
      Profile update attempt for user ID: 1
info: LoginUserAPI.Controllers.AuthController[0]
      Profile updated successfully for user ID: 1
info: LoginUserAPI.Controllers.AuthController[0]
      Registration attempt for email: duplicate@example.com
info: LoginUserAPI.Controllers.AuthController[0]
      User registered successfully with ID: 4
info: LoginUserAPI.Controllers.AuthController[0]
      Registration attempt for email: duplicate@example.com
warn: LoginUserAPI.Controllers.AuthController[0]
      Registration failed: User already exists with email duplicate@example.com
info: LoginUserAPI.Controllers.AuthController[0]
      Registration attempt for email: integration@example.com
info: LoginUserAPI.Controllers.AuthController[0]
      User registered successfully with ID: 5
info: LoginUserAPI.Controllers.AuthController[0]
      Registration attempt for email: login@example.com
info: LoginUserAPI.Controllers.AuthController[0]
      User registered successfully with ID: 6
info: LoginUserAPI.Controllers.AuthController[0]
      Registration attempt for email: endtoend@example.com
info: LoginUserAPI.Controllers.AuthController[0]
      User registered successfully with ID: 7
info: LoginUserAPI.Controllers.AuthController[0]
      Profile update attempt for user ID: 1
info: LoginUserAPI.Controllers.AuthController[0]
      Profile updated successfully for user ID: 1
[xUnit.net 00:00:00.59]   Finished:    LoginUserAPI.Tests
</StdOut>
    </Output>
    <RunInfos>
      <RunInfo computerName="cursor" outcome="Error" timestamp="2025-07-22T11:39:59.6038320+00:00">
        <Text>[xUnit.net 00:00:00.21]     LoginUserAPI.Tests.AuthControllerTests.Login_NullRequest_ReturnsBadRequest [FAIL]</Text>
      </RunInfo>
    </RunInfos>
    <CollectorDataEntries>
      <Collector agentName="cursor" uri="datacollector://microsoft/CoverletCodeCoverage/1.0" collectorDisplayName="XPlat code coverage">
        <UriAttachments>
          <UriAttachment>
            <A href="cursor/coverage.cobertura.xml"></A>
          </UriAttachment>
        </UriAttachments>
      </Collector>
    </CollectorDataEntries>
  </ResultSummary>
</TestRun>