<?xml version="1.0" encoding="utf-8"?>
<coverage line-rate="0.9285" branch-rate="1" version="1.9" timestamp="1753184400" lines-covered="182" lines-valid="196" branches-covered="34" branches-valid="34">
  <sources>
    <source>/workspace/login-user/backend/LoginUserAPI/</source>
  </sources>
  <packages>
    <package name="LoginUserAPI" line-rate="0.9285" branch-rate="1" complexity="64">
      <classes>
        <class name="Program" filename="Program.cs" line-rate="1" branch-rate="1" complexity="2">
          <methods>
            <method name="&lt;Main&gt;$" signature="(System.String[])" line-rate="1" branch-rate="1" complexity="2">
              <lines>
                <line number="5" hits="1" branch="False" />
                <line number="8" hits="1" branch="False" />
                <line number="11" hits="1" branch="False" />
                <line number="12" hits="2" branch="False" />
                <line number="15" hits="1" branch="False" />
                <line number="16" hits="1" branch="False" />
                <line number="17" hits="1" branch="False" />
                <line number="18" hits="1" branch="False" />
                <line number="19" hits="1" branch="False" />
                <line number="20" hits="1" branch="False" />
                <line number="21" hits="1" branch="False" />
                <line number="22" hits="1" branch="False" />
                <line number="23" hits="2" branch="False" />
                <line number="24" hits="2" branch="False" />
                <line number="27" hits="1" branch="False" />
                <line number="28" hits="1" branch="False" />
                <line number="29" hits="1" branch="False" />
                <line number="30" hits="1" branch="False" />
                <line number="31" hits="1" branch="False" />
                <line number="32" hits="1" branch="False" />
                <line number="33" hits="1" branch="False" />
                <line number="34" hits="1" branch="False" />
                <line number="35" hits="1" branch="False" />
                <line number="36" hits="2" branch="False" />
                <line number="38" hits="1" branch="False" />
                <line number="41" hits="1" branch="True" condition-coverage="100% (2/2)">
                  <conditions>
                    <condition number="182" type="jump" coverage="100%" />
                  </conditions>
                </line>
                <line number="42" hits="1" branch="False" />
                <line number="43" hits="1" branch="False" />
                <line number="44" hits="1" branch="False" />
                <line number="45" hits="1" branch="False" />
                <line number="46" hits="1" branch="False" />
                <line number="47" hits="2" branch="False" />
                <line number="48" hits="1" branch="False" />
                <line number="50" hits="1" branch="False" />
                <line number="52" hits="1" branch="False" />
                <line number="55" hits="1" branch="False" />
                <line number="56" hits="1" branch="False" />
                <line number="57" hits="1" branch="False" />
                <line number="58" hits="1" branch="False" />
                <line number="59" hits="1" branch="False" />
                <line number="61" hits="1" branch="False" />
              </lines>
            </method>
          </methods>
          <lines>
            <line number="5" hits="1" branch="False" />
            <line number="8" hits="1" branch="False" />
            <line number="11" hits="1" branch="False" />
            <line number="12" hits="2" branch="False" />
            <line number="15" hits="1" branch="False" />
            <line number="16" hits="1" branch="False" />
            <line number="17" hits="1" branch="False" />
            <line number="18" hits="1" branch="False" />
            <line number="19" hits="1" branch="False" />
            <line number="20" hits="1" branch="False" />
            <line number="21" hits="1" branch="False" />
            <line number="22" hits="1" branch="False" />
            <line number="23" hits="2" branch="False" />
            <line number="24" hits="2" branch="False" />
            <line number="27" hits="1" branch="False" />
            <line number="28" hits="1" branch="False" />
            <line number="29" hits="1" branch="False" />
            <line number="30" hits="1" branch="False" />
            <line number="31" hits="1" branch="False" />
            <line number="32" hits="1" branch="False" />
            <line number="33" hits="1" branch="False" />
            <line number="34" hits="1" branch="False" />
            <line number="35" hits="1" branch="False" />
            <line number="36" hits="2" branch="False" />
            <line number="38" hits="1" branch="False" />
            <line number="41" hits="1" branch="True" condition-coverage="100% (2/2)">
              <conditions>
                <condition number="182" type="jump" coverage="100%" />
              </conditions>
            </line>
            <line number="42" hits="1" branch="False" />
            <line number="43" hits="1" branch="False" />
            <line number="44" hits="1" branch="False" />
            <line number="45" hits="1" branch="False" />
            <line number="46" hits="1" branch="False" />
            <line number="47" hits="2" branch="False" />
            <line number="48" hits="1" branch="False" />
            <line number="50" hits="1" branch="False" />
            <line number="52" hits="1" branch="False" />
            <line number="55" hits="1" branch="False" />
            <line number="56" hits="1" branch="False" />
            <line number="57" hits="1" branch="False" />
            <line number="58" hits="1" branch="False" />
            <line number="59" hits="1" branch="False" />
            <line number="61" hits="1" branch="False" />
          </lines>
        </class>
        <class name="LoginUserAPI.Models.User" filename="Models/User.cs" line-rate="0" branch-rate="1" complexity="6">
          <methods>
            <method name="get_Id" signature="()" line-rate="0" branch-rate="1" complexity="1">
              <lines>
                <line number="7" hits="0" branch="False" />
              </lines>
            </method>
            <method name="get_Email" signature="()" line-rate="0" branch-rate="1" complexity="1">
              <lines>
                <line number="11" hits="0" branch="False" />
              </lines>
            </method>
            <method name="get_Password" signature="()" line-rate="0" branch-rate="1" complexity="1">
              <lines>
                <line number="14" hits="0" branch="False" />
              </lines>
            </method>
            <method name="get_FirstName" signature="()" line-rate="0" branch-rate="1" complexity="1">
              <lines>
                <line number="17" hits="0" branch="False" />
              </lines>
            </method>
            <method name="get_LastName" signature="()" line-rate="0" branch-rate="1" complexity="1">
              <lines>
                <line number="20" hits="0" branch="False" />
              </lines>
            </method>
            <method name="get_CreatedAt" signature="()" line-rate="0" branch-rate="1" complexity="1">
              <lines>
                <line number="22" hits="0" branch="False" />
              </lines>
            </method>
          </methods>
          <lines>
            <line number="7" hits="0" branch="False" />
            <line number="11" hits="0" branch="False" />
            <line number="14" hits="0" branch="False" />
            <line number="17" hits="0" branch="False" />
            <line number="20" hits="0" branch="False" />
            <line number="22" hits="0" branch="False" />
          </lines>
        </class>
        <class name="LoginUserAPI.Data.AppDbContext" filename="Data/AppDbContext.cs" line-rate="1" branch-rate="1" complexity="3">
          <methods>
            <method name="get_Users" signature="()" line-rate="1" branch-rate="1" complexity="1">
              <lines>
                <line number="12" hits="1" branch="False" />
              </lines>
            </method>
            <method name="OnModelCreating" signature="(Microsoft.EntityFrameworkCore.ModelBuilder)" line-rate="1" branch-rate="1" complexity="1">
              <lines>
                <line number="15" hits="2" branch="False" />
                <line number="16" hits="2" branch="False" />
                <line number="19" hits="2" branch="False" />
                <line number="20" hits="2" branch="False" />
                <line number="21" hits="2" branch="False" />
                <line number="22" hits="2" branch="False" />
                <line number="23" hits="2" branch="False" />
                <line number="24" hits="2" branch="False" />
                <line number="25" hits="2" branch="False" />
                <line number="26" hits="2" branch="False" />
                <line number="27" hits="2" branch="False" />
                <line number="28" hits="4" branch="False" />
                <line number="29" hits="2" branch="False" />
              </lines>
            </method>
            <method name=".ctor" signature="(Microsoft.EntityFrameworkCore.DbContextOptions`1&lt;LoginUserAPI.Data.AppDbContext&gt;)" line-rate="1" branch-rate="1" complexity="1">
              <lines>
                <line number="8" hits="1" branch="False" />
                <line number="9" hits="1" branch="False" />
                <line number="10" hits="1" branch="False" />
              </lines>
            </method>
          </methods>
          <lines>
            <line number="12" hits="1" branch="False" />
            <line number="15" hits="2" branch="False" />
            <line number="16" hits="2" branch="False" />
            <line number="19" hits="2" branch="False" />
            <line number="20" hits="2" branch="False" />
            <line number="21" hits="2" branch="False" />
            <line number="22" hits="2" branch="False" />
            <line number="23" hits="2" branch="False" />
            <line number="24" hits="2" branch="False" />
            <line number="25" hits="2" branch="False" />
            <line number="26" hits="2" branch="False" />
            <line number="27" hits="2" branch="False" />
            <line number="28" hits="4" branch="False" />
            <line number="29" hits="2" branch="False" />
            <line number="8" hits="1" branch="False" />
            <line number="9" hits="1" branch="False" />
            <line number="10" hits="1" branch="False" />
          </lines>
        </class>
        <class name="LoginUserAPI.Controllers.AuthController" filename="Controllers/AuthController.cs" line-rate="0.9304000000000001" branch-rate="1" complexity="36">
          <methods>
            <method name="Register" signature="(LoginUserAPI.Controllers.RegisterRequest)" line-rate="0.9047" branch-rate="1" complexity="16">
              <lines>
                <line number="22" hits="27" branch="False" />
                <line number="24" hits="27" branch="False" />
                <line number="25" hits="27" branch="True" condition-coverage="100% (4/4)">
                  <conditions>
                    <condition number="41" type="jump" coverage="100%" />
                    <condition number="53" type="jump" coverage="100%" />
                  </conditions>
                </line>
                <line number="27" hits="27" branch="True" condition-coverage="100% (2/2)">
                  <conditions>
                    <condition number="79" type="jump" coverage="100%" />
                  </conditions>
                </line>
                <line number="28" hits="1" branch="False" />
                <line number="29" hits="1" branch="False" />
                <line number="30" hits="1" branch="False" />
                <line number="33" hits="26" branch="True" condition-coverage="100% (4/4)">
                  <conditions>
                    <condition number="143" type="jump" coverage="100%" />
                    <condition number="168" type="jump" coverage="100%" />
                  </conditions>
                </line>
                <line number="34" hits="3" branch="False" />
                <line number="35" hits="3" branch="False" />
                <line number="36" hits="3" branch="False" />
                <line number="39" hits="23" branch="True" condition-coverage="100% (4/4)">
                  <conditions>
                    <condition number="232" type="jump" coverage="100%" />
                    <condition number="257" type="jump" coverage="100%" />
                  </conditions>
                </line>
                <line number="40" hits="2" branch="False" />
                <line number="41" hits="2" branch="False" />
                <line number="42" hits="2" branch="False" />
                <line number="46" hits="49" branch="True" condition-coverage="100% (2/2)">
                  <conditions>
                    <condition number="331" type="jump" coverage="100%" />
                  </conditions>
                </line>
                <line number="47" hits="3" branch="False" />
                <line number="48" hits="3" branch="False" />
                <line number="49" hits="3" branch="False" />
                <line number="52" hits="18" branch="False" />
                <line number="53" hits="18" branch="False" />
                <line number="54" hits="18" branch="False" />
                <line number="55" hits="18" branch="False" />
                <line number="56" hits="18" branch="False" />
                <line number="57" hits="18" branch="False" />
                <line number="58" hits="18" branch="False" />
                <line number="59" hits="18" branch="False" />
                <line number="61" hits="18" branch="False" />
                <line number="62" hits="18" branch="False" />
                <line number="64" hits="18" branch="False" />
                <line number="65" hits="18" branch="False" />
                <line number="66" hits="18" branch="False" />
                <line number="67" hits="18" branch="False" />
                <line number="68" hits="18" branch="False" />
                <line number="69" hits="18" branch="False" />
                <line number="70" hits="18" branch="False" />
                <line number="72" hits="18" branch="False" />
                <line number="74" hits="0" branch="False" />
                <line number="75" hits="0" branch="False" />
                <line number="76" hits="0" branch="False" />
                <line number="77" hits="0" branch="False" />
                <line number="79" hits="27" branch="False" />
              </lines>
            </method>
            <method name="Login" signature="(LoginUserAPI.Controllers.LoginRequest)" line-rate="1" branch-rate="1" complexity="8">
              <lines>
                <line number="83" hits="10" branch="False" />
                <line number="84" hits="10" branch="True" condition-coverage="100% (4/4)">
                  <conditions>
                    <condition number="30" type="jump" coverage="100%" />
                    <condition number="53" type="jump" coverage="100%" />
                  </conditions>
                </line>
                <line number="85" hits="2" branch="False" />
                <line number="86" hits="2" branch="False" />
                <line number="89" hits="7" branch="False" />
                <line number="90" hits="29" branch="True" condition-coverage="100% (2/2)">
                  <conditions>
                    <condition number="32" type="jump" coverage="100%" />
                  </conditions>
                </line>
                <line number="91" hits="29" branch="False" />
                <line number="93" hits="7" branch="True" condition-coverage="100% (2/2)">
                  <conditions>
                    <condition number="110" type="jump" coverage="100%" />
                  </conditions>
                </line>
                <line number="94" hits="3" branch="False" />
                <line number="95" hits="3" branch="False" />
                <line number="98" hits="4" branch="False" />
                <line number="99" hits="4" branch="False" />
                <line number="100" hits="4" branch="False" />
                <line number="101" hits="4" branch="False" />
                <line number="102" hits="4" branch="False" />
                <line number="103" hits="4" branch="False" />
                <line number="104" hits="4" branch="False" />
                <line number="106" hits="4" branch="False" />
                <line number="107" hits="9" branch="False" />
              </lines>
            </method>
            <method name="GetAllUsers" signature="()" line-rate="1" branch-rate="1" complexity="1">
              <lines>
                <line number="111" hits="3" branch="False" />
                <line number="112" hits="7" branch="False" />
                <line number="113" hits="7" branch="False" />
                <line number="114" hits="7" branch="False" />
                <line number="115" hits="7" branch="False" />
                <line number="116" hits="7" branch="False" />
                <line number="117" hits="7" branch="False" />
                <line number="118" hits="7" branch="False" />
                <line number="120" hits="3" branch="False" />
                <line number="121" hits="3" branch="False" />
              </lines>
            </method>
            <method name="UpdateProfile" signature="(System.Int32,LoginUserAPI.Controllers.UpdateProfileRequest)" line-rate="0.8665999999999999" branch-rate="1" complexity="8">
              <lines>
                <line number="125" hits="7" branch="False" />
                <line number="127" hits="7" branch="False" />
                <line number="128" hits="7" branch="False" />
                <line number="130" hits="7" branch="True" condition-coverage="100% (2/2)">
                  <conditions>
                    <condition number="58" type="jump" coverage="100%" />
                  </conditions>
                </line>
                <line number="131" hits="1" branch="False" />
                <line number="132" hits="1" branch="False" />
                <line number="133" hits="1" branch="False" />
                <line number="136" hits="12" branch="False" />
                <line number="137" hits="6" branch="True" condition-coverage="100% (2/2)">
                  <conditions>
                    <condition number="137" type="jump" coverage="100%" />
                  </conditions>
                </line>
                <line number="138" hits="2" branch="False" />
                <line number="139" hits="2" branch="False" />
                <line number="140" hits="2" branch="False" />
                <line number="143" hits="4" branch="True" condition-coverage="100% (2/2)">
                  <conditions>
                    <condition number="218" type="jump" coverage="100%" />
                  </conditions>
                </line>
                <line number="144" hits="3" branch="False" />
                <line number="146" hits="4" branch="True" condition-coverage="100% (2/2)">
                  <conditions>
                    <condition number="251" type="jump" coverage="100%" />
                  </conditions>
                </line>
                <line number="147" hits="4" branch="False" />
                <line number="149" hits="4" branch="False" />
                <line number="151" hits="4" branch="False" />
                <line number="152" hits="4" branch="False" />
                <line number="153" hits="4" branch="False" />
                <line number="154" hits="4" branch="False" />
                <line number="155" hits="4" branch="False" />
                <line number="156" hits="4" branch="False" />
                <line number="157" hits="4" branch="False" />
                <line number="159" hits="4" branch="False" />
                <line number="161" hits="0" branch="False" />
                <line number="162" hits="0" branch="False" />
                <line number="163" hits="0" branch="False" />
                <line number="164" hits="0" branch="False" />
                <line number="166" hits="7" branch="False" />
              </lines>
            </method>
            <method name="HealthCheck" signature="()" line-rate="1" branch-rate="1" complexity="1">
              <lines>
                <line number="171" hits="3" branch="False" />
                <line number="172" hits="3" branch="False" />
                <line number="173" hits="3" branch="False" />
                <line number="174" hits="3" branch="False" />
                <line number="175" hits="3" branch="False" />
                <line number="176" hits="3" branch="False" />
                <line number="177" hits="3" branch="False" />
                <line number="178" hits="3" branch="False" />
              </lines>
            </method>
            <method name=".ctor" signature="(Microsoft.Extensions.Logging.ILogger`1&lt;LoginUserAPI.Controllers.AuthController&gt;)" line-rate="1" branch-rate="1" complexity="1">
              <lines>
                <line number="15" hits="39" branch="False" />
                <line number="16" hits="39" branch="False" />
                <line number="17" hits="39" branch="False" />
                <line number="18" hits="39" branch="False" />
              </lines>
            </method>
            <method name=".cctor" signature="()" line-rate="1" branch-rate="1" complexity="1">
              <lines>
                <line number="12" hits="1" branch="False" />
                <line number="13" hits="1" branch="False" />
              </lines>
            </method>
          </methods>
          <lines>
            <line number="22" hits="27" branch="False" />
            <line number="24" hits="27" branch="False" />
            <line number="25" hits="27" branch="True" condition-coverage="100% (4/4)">
              <conditions>
                <condition number="41" type="jump" coverage="100%" />
                <condition number="53" type="jump" coverage="100%" />
              </conditions>
            </line>
            <line number="27" hits="27" branch="True" condition-coverage="100% (2/2)">
              <conditions>
                <condition number="79" type="jump" coverage="100%" />
              </conditions>
            </line>
            <line number="28" hits="1" branch="False" />
            <line number="29" hits="1" branch="False" />
            <line number="30" hits="1" branch="False" />
            <line number="33" hits="26" branch="True" condition-coverage="100% (4/4)">
              <conditions>
                <condition number="143" type="jump" coverage="100%" />
                <condition number="168" type="jump" coverage="100%" />
              </conditions>
            </line>
            <line number="34" hits="3" branch="False" />
            <line number="35" hits="3" branch="False" />
            <line number="36" hits="3" branch="False" />
            <line number="39" hits="23" branch="True" condition-coverage="100% (4/4)">
              <conditions>
                <condition number="232" type="jump" coverage="100%" />
                <condition number="257" type="jump" coverage="100%" />
              </conditions>
            </line>
            <line number="40" hits="2" branch="False" />
            <line number="41" hits="2" branch="False" />
            <line number="42" hits="2" branch="False" />
            <line number="46" hits="49" branch="True" condition-coverage="100% (2/2)">
              <conditions>
                <condition number="331" type="jump" coverage="100%" />
              </conditions>
            </line>
            <line number="47" hits="3" branch="False" />
            <line number="48" hits="3" branch="False" />
            <line number="49" hits="3" branch="False" />
            <line number="52" hits="18" branch="False" />
            <line number="53" hits="18" branch="False" />
            <line number="54" hits="18" branch="False" />
            <line number="55" hits="18" branch="False" />
            <line number="56" hits="18" branch="False" />
            <line number="57" hits="18" branch="False" />
            <line number="58" hits="18" branch="False" />
            <line number="59" hits="18" branch="False" />
            <line number="61" hits="18" branch="False" />
            <line number="62" hits="18" branch="False" />
            <line number="64" hits="18" branch="False" />
            <line number="65" hits="18" branch="False" />
            <line number="66" hits="18" branch="False" />
            <line number="67" hits="18" branch="False" />
            <line number="68" hits="18" branch="False" />
            <line number="69" hits="18" branch="False" />
            <line number="70" hits="18" branch="False" />
            <line number="72" hits="18" branch="False" />
            <line number="74" hits="0" branch="False" />
            <line number="75" hits="0" branch="False" />
            <line number="76" hits="0" branch="False" />
            <line number="77" hits="0" branch="False" />
            <line number="79" hits="27" branch="False" />
            <line number="83" hits="10" branch="False" />
            <line number="84" hits="10" branch="True" condition-coverage="100% (4/4)">
              <conditions>
                <condition number="30" type="jump" coverage="100%" />
                <condition number="53" type="jump" coverage="100%" />
              </conditions>
            </line>
            <line number="85" hits="2" branch="False" />
            <line number="86" hits="2" branch="False" />
            <line number="89" hits="7" branch="False" />
            <line number="90" hits="29" branch="True" condition-coverage="100% (2/2)">
              <conditions>
                <condition number="32" type="jump" coverage="100%" />
              </conditions>
            </line>
            <line number="91" hits="29" branch="False" />
            <line number="93" hits="7" branch="True" condition-coverage="100% (2/2)">
              <conditions>
                <condition number="110" type="jump" coverage="100%" />
              </conditions>
            </line>
            <line number="94" hits="3" branch="False" />
            <line number="95" hits="3" branch="False" />
            <line number="98" hits="4" branch="False" />
            <line number="99" hits="4" branch="False" />
            <line number="100" hits="4" branch="False" />
            <line number="101" hits="4" branch="False" />
            <line number="102" hits="4" branch="False" />
            <line number="103" hits="4" branch="False" />
            <line number="104" hits="4" branch="False" />
            <line number="106" hits="4" branch="False" />
            <line number="107" hits="9" branch="False" />
            <line number="111" hits="3" branch="False" />
            <line number="112" hits="7" branch="False" />
            <line number="113" hits="7" branch="False" />
            <line number="114" hits="7" branch="False" />
            <line number="115" hits="7" branch="False" />
            <line number="116" hits="7" branch="False" />
            <line number="117" hits="7" branch="False" />
            <line number="118" hits="7" branch="False" />
            <line number="120" hits="3" branch="False" />
            <line number="121" hits="3" branch="False" />
            <line number="125" hits="7" branch="False" />
            <line number="127" hits="7" branch="False" />
            <line number="128" hits="7" branch="False" />
            <line number="130" hits="7" branch="True" condition-coverage="100% (2/2)">
              <conditions>
                <condition number="58" type="jump" coverage="100%" />
              </conditions>
            </line>
            <line number="131" hits="1" branch="False" />
            <line number="132" hits="1" branch="False" />
            <line number="133" hits="1" branch="False" />
            <line number="136" hits="12" branch="False" />
            <line number="137" hits="6" branch="True" condition-coverage="100% (2/2)">
              <conditions>
                <condition number="137" type="jump" coverage="100%" />
              </conditions>
            </line>
            <line number="138" hits="2" branch="False" />
            <line number="139" hits="2" branch="False" />
            <line number="140" hits="2" branch="False" />
            <line number="143" hits="4" branch="True" condition-coverage="100% (2/2)">
              <conditions>
                <condition number="218" type="jump" coverage="100%" />
              </conditions>
            </line>
            <line number="144" hits="3" branch="False" />
            <line number="146" hits="4" branch="True" condition-coverage="100% (2/2)">
              <conditions>
                <condition number="251" type="jump" coverage="100%" />
              </conditions>
            </line>
            <line number="147" hits="4" branch="False" />
            <line number="149" hits="4" branch="False" />
            <line number="151" hits="4" branch="False" />
            <line number="152" hits="4" branch="False" />
            <line number="153" hits="4" branch="False" />
            <line number="154" hits="4" branch="False" />
            <line number="155" hits="4" branch="False" />
            <line number="156" hits="4" branch="False" />
            <line number="157" hits="4" branch="False" />
            <line number="159" hits="4" branch="False" />
            <line number="161" hits="0" branch="False" />
            <line number="162" hits="0" branch="False" />
            <line number="163" hits="0" branch="False" />
            <line number="164" hits="0" branch="False" />
            <line number="166" hits="7" branch="False" />
            <line number="171" hits="3" branch="False" />
            <line number="172" hits="3" branch="False" />
            <line number="173" hits="3" branch="False" />
            <line number="174" hits="3" branch="False" />
            <line number="175" hits="3" branch="False" />
            <line number="176" hits="3" branch="False" />
            <line number="177" hits="3" branch="False" />
            <line number="178" hits="3" branch="False" />
            <line number="15" hits="39" branch="False" />
            <line number="16" hits="39" branch="False" />
            <line number="17" hits="39" branch="False" />
            <line number="18" hits="39" branch="False" />
            <line number="12" hits="1" branch="False" />
            <line number="13" hits="1" branch="False" />
          </lines>
        </class>
        <class name="LoginUserAPI.Controllers.User" filename="Controllers/AuthController.cs" line-rate="1" branch-rate="1" complexity="5">
          <methods>
            <method name="get_Id" signature="()" line-rate="1" branch-rate="1" complexity="1">
              <lines>
                <line number="184" hits="78" branch="False" />
              </lines>
            </method>
            <method name="get_Email" signature="()" line-rate="1" branch-rate="1" complexity="1">
              <lines>
                <line number="185" hits="125" branch="False" />
              </lines>
            </method>
            <method name="get_Password" signature="()" line-rate="1" branch-rate="1" complexity="1">
              <lines>
                <line number="186" hits="48" branch="False" />
              </lines>
            </method>
            <method name="get_FirstName" signature="()" line-rate="1" branch-rate="1" complexity="1">
              <lines>
                <line number="187" hits="78" branch="False" />
              </lines>
            </method>
            <method name="get_LastName" signature="()" line-rate="1" branch-rate="1" complexity="1">
              <lines>
                <line number="188" hits="79" branch="False" />
              </lines>
            </method>
          </methods>
          <lines>
            <line number="184" hits="78" branch="False" />
            <line number="185" hits="125" branch="False" />
            <line number="186" hits="48" branch="False" />
            <line number="187" hits="78" branch="False" />
            <line number="188" hits="79" branch="False" />
          </lines>
        </class>
        <class name="LoginUserAPI.Controllers.LoginRequest" filename="Controllers/AuthController.cs" line-rate="1" branch-rate="1" complexity="2">
          <methods>
            <method name="get_Email" signature="()" line-rate="1" branch-rate="1" complexity="1">
              <lines>
                <line number="193" hits="66" branch="False" />
              </lines>
            </method>
            <method name="get_Password" signature="()" line-rate="1" branch-rate="1" complexity="1">
              <lines>
                <line number="194" hits="48" branch="False" />
              </lines>
            </method>
          </methods>
          <lines>
            <line number="193" hits="66" branch="False" />
            <line number="194" hits="48" branch="False" />
          </lines>
        </class>
        <class name="LoginUserAPI.Controllers.RegisterRequest" filename="Controllers/AuthController.cs" line-rate="1" branch-rate="1" complexity="4">
          <methods>
            <method name="get_Email" signature="()" line-rate="1" branch-rate="1" complexity="1">
              <lines>
                <line number="199" hits="174" branch="False" />
              </lines>
            </method>
            <method name="get_Password" signature="()" line-rate="1" branch-rate="1" complexity="1">
              <lines>
                <line number="200" hits="115" branch="False" />
              </lines>
            </method>
            <method name="get_FirstName" signature="()" line-rate="1" branch-rate="1" complexity="1">
              <lines>
                <line number="201" hits="114" branch="False" />
              </lines>
            </method>
            <method name="get_LastName" signature="()" line-rate="1" branch-rate="1" complexity="1">
              <lines>
                <line number="202" hits="113" branch="False" />
              </lines>
            </method>
          </methods>
          <lines>
            <line number="199" hits="174" branch="False" />
            <line number="200" hits="115" branch="False" />
            <line number="201" hits="114" branch="False" />
            <line number="202" hits="113" branch="False" />
          </lines>
        </class>
        <class name="LoginUserAPI.Controllers.UpdateProfileRequest" filename="Controllers/AuthController.cs" line-rate="1" branch-rate="1" complexity="2">
          <methods>
            <method name="get_FirstName" signature="()" line-rate="1" branch-rate="1" complexity="1">
              <lines>
                <line number="207" hits="36" branch="False" />
              </lines>
            </method>
            <method name="get_LastName" signature="()" line-rate="1" branch-rate="1" complexity="1">
              <lines>
                <line number="208" hits="37" branch="False" />
              </lines>
            </method>
          </methods>
          <lines>
            <line number="207" hits="36" branch="False" />
            <line number="208" hits="37" branch="False" />
          </lines>
        </class>
        <class name="LoginUserAPI.Controllers.UserResponse" filename="Controllers/AuthController.cs" line-rate="1" branch-rate="1" complexity="4">
          <methods>
            <method name="get_Id" signature="()" line-rate="1" branch-rate="1" complexity="1">
              <lines>
                <line number="213" hits="50" branch="False" />
              </lines>
            </method>
            <method name="get_Email" signature="()" line-rate="1" branch-rate="1" complexity="1">
              <lines>
                <line number="214" hits="79" branch="False" />
              </lines>
            </method>
            <method name="get_FirstName" signature="()" line-rate="1" branch-rate="1" complexity="1">
              <lines>
                <line number="215" hits="80" branch="False" />
              </lines>
            </method>
            <method name="get_LastName" signature="()" line-rate="1" branch-rate="1" complexity="1">
              <lines>
                <line number="216" hits="80" branch="False" />
              </lines>
            </method>
          </methods>
          <lines>
            <line number="213" hits="50" branch="False" />
            <line number="214" hits="79" branch="False" />
            <line number="215" hits="80" branch="False" />
            <line number="216" hits="80" branch="False" />
          </lines>
        </class>
      </classes>
    </package>
  </packages>
</coverage>